#
# There is insufficient memory for the Java Runtime Environment to continue.
# Native memory allocation (malloc) failed to allocate 1496656 bytes for Chunk::new
# Possible reasons:
#   The system is out of physical RAM or swap space
#   In 32 bit mode, the process size limit was hit
# Possible solutions:
#   Reduce memory load on the system
#   Increase physical memory or swap space
#   Check if swap backing store is full
#   Use 64 bit Java on a 64 bit OS
#   Decrease Java heap size (-Xmx/-Xms)
#   Decrease number of Java threads
#   Decrease Java thread stack sizes (-Xss)
#   Set larger code cache with -XX:ReservedCodeCacheSize=
# This output file may be truncated or incomplete.
#
#  Out of Memory Error (allocation.cpp:390), pid=4508, tid=2916
#
# JRE version: Java(TM) SE Runtime Environment (8.0_91-b14) (build 1.8.0_91-b14)
# Java VM: Java HotSpot(TM) 64-Bit Server VM (25.91-b14 mixed mode windows-amd64 compressed oops)
# Failed to write core dump. Minidumps are not enabled by default on client versions of Windows
#

---------------  T H R E A D  ---------------

Current thread (0x000000001523a000):  JavaThread "C2 CompilerThread0" daemon [_thread_in_native, id=2916, stack(0x0000000016b30000,0x0000000016c30000)]

Stack: [0x0000000016b30000,0x0000000016c30000]
[error occurred during error reporting (printing stack bounds), id 0xc0000005]

Native frames: (J=compiled Java code, j=interpreted, Vv=VM code, C=native code)


Current CompileTask:
C2:   3330 1917       4       com.android.dx.ssa.SsaConverter::placePhiFunctions (394 bytes)


---------------  P R O C E S S  ---------------

Java Threads: ( => current thread )
  0x00000000168c7000 JavaThread "pool-2-thread-4" [_thread_blocked, id=10816, stack(0x0000000017c30000,0x0000000017d30000)]
  0x00000000168c6000 JavaThread "pool-2-thread-3" [_thread_blocked, id=10552, stack(0x0000000017b30000,0x0000000017c30000)]
  0x00000000168c5800 JavaThread "pool-2-thread-2" [_thread_in_Java, id=11808, stack(0x0000000017a30000,0x0000000017b30000)]
  0x00000000167b8800 JavaThread "pool-3-thread-1" [_thread_blocked, id=788, stack(0x0000000017930000,0x0000000017a30000)]
  0x00000000167a4000 JavaThread "pool-2-thread-1" [_thread_blocked, id=5068, stack(0x0000000017830000,0x0000000017930000)]
  0x0000000016591800 JavaThread "Service Thread" daemon [_thread_blocked, id=10216, stack(0x0000000016e30000,0x0000000016f30000)]
  0x000000001658c000 JavaThread "C1 CompilerThread2" daemon [_thread_blocked, id=11672, stack(0x0000000016d30000,0x0000000016e30000)]
  0x000000001523d000 JavaThread "C2 CompilerThread1" daemon [_thread_in_native, id=2584, stack(0x0000000016c30000,0x0000000016d30000)]
=>0x000000001523a000 JavaThread "C2 CompilerThread0" daemon [_thread_in_native, id=2916, stack(0x0000000016b30000,0x0000000016c30000)]
  0x0000000015239800 JavaThread "Attach Listener" daemon [_thread_blocked, id=11824, stack(0x0000000016a30000,0x0000000016b30000)]
  0x0000000016538800 JavaThread "Signal Dispatcher" daemon [_thread_blocked, id=5576, stack(0x0000000016930000,0x0000000016a30000)]
  0x0000000002b04800 JavaThread "Finalizer" daemon [_thread_blocked, id=11680, stack(0x0000000016430000,0x0000000016530000)]
  0x0000000002aff000 JavaThread "Reference Handler" daemon [_thread_blocked, id=9636, stack(0x0000000016330000,0x0000000016430000)]
  0x0000000002a11000 JavaThread "main" [_thread_in_Java, id=4912, stack(0x00000000024e0000,0x00000000025e0000)]

Other Threads:
  0x00000000151a8000 VMThread [stack: 0x0000000016230000,0x0000000016330000] [id=8688]
  0x00000000165a4000 WatcherThread [stack: 0x0000000016f30000,0x0000000017030000] [id=8052]

VM state:not at safepoint (normal execution)

VM Mutex/Monitor currently owned by a thread: None

Heap:
 PSYoungGen      total 71680K, used 43439K [0x00000000eab00000, 0x00000000ef600000, 0x0000000100000000)
  eden space 66560K, 57% used [0x00000000eab00000,0x00000000ed06fb78,0x00000000eec00000)
  from space 5120K, 99% used [0x00000000ef100000,0x00000000ef5fc3d0,0x00000000ef600000)
  to   space 5120K, 0% used [0x00000000eec00000,0x00000000eec00000,0x00000000ef100000)
 ParOldGen       total 87552K, used 25483K [0x00000000c0000000, 0x00000000c5580000, 0x00000000eab00000)
  object space 87552K, 29% used [0x00000000c0000000,0x00000000c18e2e08,0x00000000c5580000)
 Metaspace       used 6315K, capacity 7192K, committed 7424K, reserved 1056768K
  class space    used 614K, capacity 656K, committed 768K, reserved 1048576K

Card table byte_map: [0x0000000011ed0000,0x00000000120e0000] byte_map_base: 0x00000000118d0000

Marking Bits: (ParMarkBitMap*) 0x000000006a092f70
 Begin Bits: [0x0000000012640000, 0x0000000013640000)
 End Bits:   [0x0000000013640000, 0x0000000014640000)

Polling page: 0x00000000005f0000

CodeCache: size=245760Kb used=8406Kb max_used=8406Kb free=237353Kb
 bounds [0x0000000002b10000, 0x0000000003350000, 0x0000000011b10000]
 total_blobs=2148 nmethods=1882 adapters=178
 compilation: enabled

Compilation events (10 events):
Event: 3.281 Thread 0x000000001658c000 1968   !   2       com.android.dx.cf.code.RopperMachine::run (1550 bytes)
Event: 3.289 Thread 0x000000001658c000 nmethod 1968 0x0000000003336d10 code [0x0000000003337760, 0x000000000333c5e8]
Event: 3.289 Thread 0x000000001658c000 1971       2       com.android.dx.rop.code.Rop::<init> (15 bytes)
Event: 3.289 Thread 0x000000001658c000 nmethod 1971 0x00000000033465d0 code [0x0000000003346740, 0x00000000033468c8]
Event: 3.289 Thread 0x000000001658c000 1970       2       com.android.dx.rop.code.PlainInsn::<init> (13 bytes)
Event: 3.289 Thread 0x000000001658c000 nmethod 1970 0x0000000003346990 code [0x0000000003346b40, 0x0000000003346fd8]
Event: 3.300 Thread 0x000000001658c000 1972 %     3       java.util.HashMap::resize @ 238 (359 bytes)
Event: 3.301 Thread 0x000000001658c000 nmethod 1972% 0x0000000003347690 code [0x0000000003347900, 0x0000000003348ce8]
Event: 3.301 Thread 0x000000001658c000 1973       3       java.util.HashMap::resize (359 bytes)
Event: 3.302 Thread 0x000000001658c000 nmethod 1973 0x00000000033495d0 code [0x0000000003349820, 0x000000000334aa48]

GC Heap History (8 events):
Event: 0.911 GC heap before
{Heap before GC invocations=1 (full 0):
 PSYoungGen      total 38400K, used 33280K [0x00000000eab00000, 0x00000000ed580000, 0x0000000100000000)
  eden space 33280K, 100% used [0x00000000eab00000,0x00000000ecb80000,0x00000000ecb80000)
  from space 5120K, 0% used [0x00000000ed080000,0x00000000ed080000,0x00000000ed580000)
  to   space 5120K, 0% used [0x00000000ecb80000,0x00000000ecb80000,0x00000000ed080000)
 ParOldGen       total 87552K, used 0K [0x00000000c0000000, 0x00000000c5580000, 0x00000000eab00000)
  object space 87552K, 0% used [0x00000000c0000000,0x00000000c0000000,0x00000000c5580000)
 Metaspace       used 5876K, capacity 6896K, committed 7040K, reserved 1056768K
  class space    used 593K, capacity 616K, committed 640K, reserved 1048576K
Event: 1.061 GC heap after
Heap after GC invocations=1 (full 0):
 PSYoungGen      total 38400K, used 5109K [0x00000000eab00000, 0x00000000ef600000, 0x0000000100000000)
  eden space 33280K, 0% used [0x00000000eab00000,0x00000000eab00000,0x00000000ecb80000)
  from space 5120K, 99% used [0x00000000ecb80000,0x00000000ed07d7b8,0x00000000ed080000)
  to   space 5120K, 0% used [0x00000000ef100000,0x00000000ef100000,0x00000000ef600000)
 ParOldGen       total 87552K, used 1517K [0x00000000c0000000, 0x00000000c5580000, 0x00000000eab00000)
  object space 87552K, 1% used [0x00000000c0000000,0x00000000c017b768,0x00000000c5580000)
 Metaspace       used 5876K, capacity 6896K, committed 7040K, reserved 1056768K
  class space    used 593K, capacity 616K, committed 640K, reserved 1048576K
}
Event: 1.586 GC heap before
{Heap before GC invocations=2 (full 0):
 PSYoungGen      total 38400K, used 38389K [0x00000000eab00000, 0x00000000ef600000, 0x0000000100000000)
  eden space 33280K, 100% used [0x00000000eab00000,0x00000000ecb80000,0x00000000ecb80000)
  from space 5120K, 99% used [0x00000000ecb80000,0x00000000ed07d7b8,0x00000000ed080000)
  to   space 5120K, 0% used [0x00000000ef100000,0x00000000ef100000,0x00000000ef600000)
 ParOldGen       total 87552K, used 1517K [0x00000000c0000000, 0x00000000c5580000, 0x00000000eab00000)
  object space 87552K, 1% used [0x00000000c0000000,0x00000000c017b768,0x00000000c5580000)
 Metaspace       used 6038K, capacity 7024K, committed 7296K, reserved 1056768K
  class space    used 594K, capacity 616K, committed 640K, reserved 1048576K
Event: 1.596 GC heap after
Heap after GC invocations=2 (full 0):
 PSYoungGen      total 71680K, used 5092K [0x00000000eab00000, 0x00000000ef600000, 0x0000000100000000)
  eden space 66560K, 0% used [0x00000000eab00000,0x00000000eab00000,0x00000000eec00000)
  from space 5120K, 99% used [0x00000000ef100000,0x00000000ef5f93c0,0x00000000ef600000)
  to   space 5120K, 0% used [0x00000000eec00000,0x00000000eec00000,0x00000000ef100000)
 ParOldGen       total 87552K, used 5542K [0x00000000c0000000, 0x00000000c5580000, 0x00000000eab00000)
  object space 87552K, 6% used [0x00000000c0000000,0x00000000c0569b98,0x00000000c5580000)
 Metaspace       used 6038K, capacity 7024K, committed 7296K, reserved 1056768K
  class space    used 594K, capacity 616K, committed 640K, reserved 1048576K
}
Event: 2.490 GC heap before
{Heap before GC invocations=3 (full 0):
 PSYoungGen      total 71680K, used 71652K [0x00000000eab00000, 0x00000000ef600000, 0x0000000100000000)
  eden space 66560K, 100% used [0x00000000eab00000,0x00000000eec00000,0x00000000eec00000)
  from space 5120K, 99% used [0x00000000ef100000,0x00000000ef5f93c0,0x00000000ef600000)
  to   space 5120K, 0% used [0x00000000eec00000,0x00000000eec00000,0x00000000ef100000)
 ParOldGen       total 87552K, used 5542K [0x00000000c0000000, 0x00000000c5580000, 0x00000000eab00000)
  object space 87552K, 6% used [0x00000000c0000000,0x00000000c0569b98,0x00000000c5580000)
 Metaspace       used 6177K, capacity 7152K, committed 7296K, reserved 1056768K
  class space    used 594K, capacity 616K, committed 640K, reserved 1048576K
Event: 2.581 GC heap after
Heap after GC invocations=3 (full 0):
 PSYoungGen      total 71680K, used 5098K [0x00000000eab00000, 0x00000000ef600000, 0x0000000100000000)
  eden space 66560K, 0% used [0x00000000eab00000,0x00000000eab00000,0x00000000eec00000)
  from space 5120K, 99% used [0x00000000eec00000,0x00000000ef0faa88,0x00000000ef100000)
  to   space 5120K, 0% used [0x00000000ef100000,0x00000000ef100000,0x00000000ef600000)
 ParOldGen       total 87552K, used 15500K [0x00000000c0000000, 0x00000000c5580000, 0x00000000eab00000)
  object space 87552K, 17% used [0x00000000c0000000,0x00000000c0f231f0,0x00000000c5580000)
 Metaspace       used 6177K, capacity 7152K, committed 7296K, reserved 1056768K
  class space    used 594K, capacity 616K, committed 640K, reserved 1048576K
}
Event: 3.023 GC heap before
{Heap before GC invocations=4 (full 0):
 PSYoungGen      total 71680K, used 71658K [0x00000000eab00000, 0x00000000ef600000, 0x0000000100000000)
  eden space 66560K, 100% used [0x00000000eab00000,0x00000000eec00000,0x00000000eec00000)
  from space 5120K, 99% used [0x00000000eec00000,0x00000000ef0faa88,0x00000000ef100000)
  to   space 5120K, 0% used [0x00000000ef100000,0x00000000ef100000,0x00000000ef600000)
 ParOldGen       total 87552K, used 15500K [0x00000000c0000000, 0x00000000c5580000, 0x00000000eab00000)
  object space 87552K, 17% used [0x00000000c0000000,0x00000000c0f231f0,0x00000000c5580000)
 Metaspace       used 6300K, capacity 7192K, committed 7424K, reserved 1056768K
  class space    used 614K, capacity 656K, committed 768K, reserved 1048576K
Event: 3.041 GC heap after
Heap after GC invocations=4 (full 0):
 PSYoungGen      total 71680K, used 5104K [0x00000000eab00000, 0x00000000ef600000, 0x0000000100000000)
  eden space 66560K, 0% used [0x00000000eab00000,0x00000000eab00000,0x00000000eec00000)
  from space 5120K, 99% used [0x00000000ef100000,0x00000000ef5fc3d0,0x00000000ef600000)
  to   space 5120K, 0% used [0x00000000eec00000,0x00000000eec00000,0x00000000ef100000)
 ParOldGen       total 87552K, used 25483K [0x00000000c0000000, 0x00000000c5580000, 0x00000000eab00000)
  object space 87552K, 29% used [0x00000000c0000000,0x00000000c18e2e08,0x00000000c5580000)
 Metaspace       used 6300K, capacity 7192K, committed 7424K, reserved 1056768K
  class space    used 614K, capacity 656K, committed 768K, reserved 1048576K
}

Deoptimization events (10 events):
Event: 2.856 Thread 0x00000000168c7000 Uncommon trap: reason=bimorphic action=maybe_recompile pc=0x00000000031c647c method=com.android.dx.ssa.LiteralOpUpgrader.tryReplacingWithConstant(Lcom/android/dx/ssa/NormalSsaInsn;)Z @ 62
Event: 2.858 Thread 0x00000000168c7000 Uncommon trap: reason=unstable_if action=reinterpret pc=0x0000000002f5e39c method=java.util.HashMap.putVal(ILjava/lang/Object;Ljava/lang/Object;ZZ)Ljava/lang/Object; @ 162
Event: 2.990 Thread 0x00000000168c5800 Uncommon trap: reason=unstable_if action=reinterpret pc=0x000000000318fe50 method=java.util.HashMap.getNode(ILjava/lang/Object;)Ljava/util/HashMap$Node; @ 84
Event: 3.016 Thread 0x00000000168c6000 Uncommon trap: reason=bimorphic action=maybe_recompile pc=0x0000000002fa659c method=java.util.HashMap.putVal(ILjava/lang/Object;Ljava/lang/Object;ZZ)Ljava/lang/Object; @ 203
Event: 3.016 Thread 0x00000000168c6000 Uncommon trap: reason=bimorphic action=maybe_recompile pc=0x0000000002fa659c method=java.util.HashMap.putVal(ILjava/lang/Object;Ljava/lang/Object;ZZ)Ljava/lang/Object; @ 203
Event: 3.017 Thread 0x0000000002a11000 Uncommon trap: reason=unstable_if action=reinterpret pc=0x0000000002fa6534 method=java.util.HashMap.putVal(ILjava/lang/Object;Ljava/lang/Object;ZZ)Ljava/lang/Object; @ 109
Event: 3.253 Thread 0x00000000168c5800 Uncommon trap: reason=bimorphic action=maybe_recompile pc=0x00000000031c647c method=com.android.dx.ssa.LiteralOpUpgrader.tryReplacingWithConstant(Lcom/android/dx/ssa/NormalSsaInsn;)Z @ 62
Event: 3.267 Thread 0x00000000167a4000 Uncommon trap: reason=unstable_if action=reinterpret pc=0x00000000030d880c method=com.android.dx.ssa.MoveParamCombiner$1.visitNonMoveInsn(Lcom/android/dx/ssa/NormalSsaInsn;)V @ 27
Event: 3.280 Thread 0x00000000167a4000 Uncommon trap: reason=unstable_if action=reinterpret pc=0x00000000032abf78 method=com.android.dx.rop.code.DexTranslationAdvice.hasConstantOperation(Lcom/android/dx/rop/code/Rop;Lcom/android/dx/rop/code/RegisterSpec;Lcom/android/dx/rop/code/RegisterSpec;)Z Oºÿ""g
@
Event: 3.300 Thread 0x00000000168c6000 Uncommon trap: reason=unstable_if action=reinterpret pc=0x0000000003232a0c method=java.util.HashMap.resize()[Ljava/util/HashMap$Node; @ 206

Internal exceptions (5 events):
Event: 0.209 Thread 0x0000000002a11000 Exception <a 'java/lang/NoSuchMethodError': Method sun.misc.Unsafe.defineClass(Ljava/lang/String;[BII)Ljava/lang/Class; name or signature does not match> (0x00000000eab07cc0) thrown at [C:\re\workspace\8-2-build-windows-amd64-cygwin\jdk8u91\6644\hotspot\srsÊ:F½Ê?
Event: 0.209 Thread 0x0000000002a11000 Exception <a 'java/lang/NoSuchMethodError': Method sun.misc.Unsafe.prefetchRead(Ljava/lang/Object;J)V name or signature does not match> (0x00000000eab07fa8) thrown at [C:\re\workspace\8-2-build-windows-amd64-cygwin\jdk8u91\6644\hotspot\src\share\vm\prims\juI
‚à@
Event: 2.859 Thread 0x00000000168c7000 Exception <a 'java/lang/ArrayIndexOutOfBoundsException': 18> (0x00000000edd58ac8) thrown at [C:\re\workspace\8-2-build-windows-amd64-cygwin\jdk8u91\6644\hotspot\src\share\vm\interpreter\interpreterRuntime.cpp, line 366]
Event: 2.860 Thread 0x00000000168c7000 Exception <a 'java/lang/ArrayIndexOutOfBoundsException'> (0x00000000edd5a648) thrown at [C:\re\workspace\8-2-build-windows-amd64-cygwin\jdk8u91\6644\hotspot\src\share\vm\runtime\sharedRuntime.cpp, line 605]
Event: 2.860 Thread 0x00000000168c7000 Exception <a 'java/lang/ArrayIndexOutOfBoundsException'> (0x00000000edd5b930) thrown at [C:\re\workspace\8-2-build-windows-amd64-cygwin\jdk8u91\6644\hotspot\src\share\vm\runtime\sharedRuntime.cpp, line 605]

Events (10 events):
Event: 3.267 Thread 0x00000000167a4000 DEOPT PACKING pc=0x00000000030d880c sp=0x000000001792ea00
Event: 3.267 Thread 0x00000000167a4000 DEOPT UNPACKING pc=0x0000000002b5582a sp=0x000000001792e958 mode 2
Event: 3.280 Thread 0x00000000167a4000 Uncommon trap: trap_request=0xffffff65 fr.pc=0x00000000032abf78
Event: 3.280 Thread 0x00000000167a4000 DEOPT PACKING pc=0x00000000032abf78 sp=0x000000001792e570
Event: 3.280 Thread 0x00000000167a4000 DEOPT UNPACKING pc=0x0000000002b5582a sp=0x000000001792e490 mode 2
Event: 3.281 Thread 0x00000000168c7000 DEOPT PACKING pc=0x0000000002e76121 sp=0x0000000017d2e770
Event: 3.281 Thread 0x00000000168c7000 DEOPT UNPACKING pc=0x0000000002b5787f sp=0x0000000017d2e5a0 mode 0
Event: 3.300 Thread 0x00000000168c6000 Uncommon trap: trap_request=0xffffff65 fr.pc=0x0000000003232a0c
Event: 3.300 Thread 0x00000000168c6000 DEOPT PACKING pc=0x0000000003232a0c sp=0x0000000017c2da60
Event: 3.300 Thread 0x00000000168c6000 DEOPT UNPACKING pc=0x0000000002b5582a sp=0x0000000017c2d9c8 mode 2


Dynamic libraries:
0x00007ff7a7c90000 - 0x00007ff7a7cc7000 	C:\Program Files\Java\jdk1.8.0_91\bin\java.exe
0x00007ffcfdd00000 - 0x00007ffcfded1000 	C:\WINDOWS\SYSTEM32\ntdll.dll
0x00007ffcfbc70000 - 0x00007ffcfbd1b000 	C:\WINDOWS\System32\KERNEL32.DLL
0x00007ffcfa1f0000 - 0x00007ffcfa40d000 	C:\WINDOWS\System32\KERNELBASE.dll
0x00007ffcfb3b0000 - 0x00007ffcfb452000 	C:\WINDOWS\System32\ADVAPI32.dll
0x00007ffcfc4b0000 - 0x00007ffcfc54e000 	C:\WINDOWS\System32\msvcrt.dll
0x00007ffcfbba0000 - 0x00007ffcfbbf9000 	C:\WINDOWS\System32\sechost.dll
0x00007ffcfbde0000 - 0x00007ffcfbf01000 	C:\WINDOWS\System32\RPCRT4.dll
0x00007ffcfc340000 - 0x00007ffcfc4a5000 	C:\WINDOWS\System32\USER32.dll
0x00007ffcfa980000 - 0x00007ffcfa99e000 	C:\WINDOWS\System32\win32u.dll
0x00007ffcfb4d0000 - 0x00007ffcfb504000 	C:\WINDOWS\System32\GDI32.dll
0x00007ffcfa410000 - 0x00007ffcfa592000 	C:\WINDOWS\System32\gdi32full.dll
0x00007ffcf48e0000 - 0x00007ffcf4b59000 	C:\WINDOWS\WinSxS\amd64_microsoft.windows.common-controls_6595b64144ccf1df_6.0.14393.0_none_2d0f50fcbdb171b8\COMCTL32.dll
0x00007ffcfb8d0000 - 0x00007ffcfbb97000 	C:\WINDOWS\System32\combase.dll
0x00007ffcfb130000 - 0x00007ffcfb225000 	C:\WINDOWS\System32\ucrtbase.dll
0x00007ffcfa910000 - 0x00007ffcfa97a000 	C:\WINDOWS\System32\bcryptPrimitives.dll
0x00007ffcfb290000 - 0x00007ffcfb2be000 	C:\WINDOWS\System32\IMM32.DLL
0x000000006a120000 - 0x000000006a1f2000 	C:\Program Files\Java\jdk1.8.0_91\jre\bin\msvcr100.dll
0x0000000069880000 - 0x000000006a113000 	C:\Program Files\Java\jdk1.8.0_91\jre\bin\server\jvm.dll
0x00007ffcfb510000 - 0x00007ffcfb518000 	C:\WINDOWS\System32\PSAPI.DLL
0x00007ffce44b0000 - 0x00007ffce44b9000 	C:\WINDOWS\SYSTEM32\WSOCK32.dll
0x00007ffcfbc00000 - 0x00007ffcfbc6a000 	C:\WINDOWS\System32\WS2_32.dll
0x00007ffcf8510000 - 0x00007ffcf8533000 	C:\WINDOWS\SYSTEM32\WINMM.dll
0x00007ffcf7190000 - 0x00007ffcf719a000 	C:\WINDOWS\SYSTEM32\VERSION.dll
0x00007ffcf84b0000 - 0x00007ffcf84db000 	C:\WINDOWS\SYSTEM32\WINMMBASE.dll
0x00007ffcfa820000 - 0x00007ffcfa862000 	C:\WINDOWS\System32\cfgmgr32.dll
0x0000000069870000 - 0x000000006987f000 	C:\Program Files\Java\jdk1.8.0_91\jre\bin\verify.dll
0x0000000069840000 - 0x0000000069869000 	C:\Program Files\Java\jdk1.8.0_91\jre\bin\java.dll
0x0000000069820000 - 0x0000000069836000 	C:\Program Files\Java\jdk1.8.0_91\jre\bin\zip.dll
0x00007ffcfc7f0000 - 0x00007ffcfdcf8000 	C:\WINDOWS\System32\SHELL32.dll
0x00007ffcfa9a0000 - 0x00007ffcfb07a000 	C:\WINDOWS\System32\windows.storage.dll
0x00007ffcfa160000 - 0x00007ffcfa1ac000 	C:\WINDOWS\System32\powrprof.dll
0x00007ffcfb470000 - 0x00007ffcfb4c2000 	C:\WINDOWS\System32\shlwapi.dll
0x00007ffcfa1e0000 - 0x00007ffcfa1ef000 	C:\WINDOWS\System32\kernel.appcore.dll
0x00007ffcfb080000 - 0x00007ffcfb129000 	C:\WINDOWS\System32\shcore.dll
0x00007ffcfa1b0000 - 0x00007ffcfa1c4000 	C:\WINDOWS\System32\profapi.dll

VM Arguments:
jvm_args: -Djava.awt.headless=true -Xmx1024M -Dfile.encoding=GBK -Duser.country=CN -Duser.language=zh -Duser.variant 
java_command: com.android.dx.command.Main --dex --force-jumbo --num-threads=4 --multi-dex --output D:\AndroidStudioProjects\PierGlass\app\build\intermediates\transforms\dex\debug\folders\1000\10\com.android.support-appcompat-v7-24.2.1_faced8908a79ae897ee790684fc1a2a18b439f1e D:\AndroidStudioProjects\PierGlass\app\build\intermediates\exploded-aar\com.android.support\appcompat-v7\24.2.1\jars\classes.jar
java_class_path (initial): C:\Android\sdk\build-tools\24.0.1\lib\dx.jar
Launcher Type: SUN_STANDARD

Environment Variables:
JAVA_HOME=C:\Program Files\Java\jdk1.8.0_91
CLASSPATH=.;C:\Program Files\Java\jdk1.8.0_91\bin;C:\Program Files\Java\jdk1.8.0_91\lib\dt.jar;C:\Program Files\Java\jdk1.8.0_91\lib\tools.jar
PATH=C:\Program Files\Java\jdk1.8.0_91\bin;C:\Program Files\Java\jdk1.8.0_91\jre\bin;C:\Android\sdk\platform-tools;C:\ProgramData\Oracle\Java\javapath;C:\WINDOWS\system32;C:\WINDOWS;C:\WINDOWS\System32\Wbem;C:\WINDOWS\System32\WindowsPowerShell\v1.0\;C:\Program Files\Git\cmd;C:\Program Files (x86)\apache-maven-3.3.9\bin;C:\Users\admin\AppData\Local\Microsoft\WindowsApps;
USERNAME=admin
OS=Windows_NT
PROCESSOR_IDENTIFIER=Intel64 Family 6 Model 60 Stepping 3, GenuineIntel



---------------  S Y S T E M  ---------------

OS: Windows 10.0 , 64 bit Build 14393 (10.0.14393.0)

CPU:total 4 (4 cores per cpu, 1 threads per core) family 6 model 60 stepping 3, cmov, cx8, fxsr, mmx, sse, sse2, sse3, ssse3, sse4.1, sse4.2, popcnt, avx, avx2, aes, clmul, erms, lzcnt, tsc, tscinvbit, bmi1, bmi2

Memory: 4k page, physical 8286104k(1508160k free), swap 8286104k(7116k free)

vm_info: Java HotSpot(TM) 64-Bit Server VM (25.91-b14) for windows-amd64 JRE (1.8.0_91-b14), built on Apr  1 2016 00:58:32 by "java_re" with MS VC++ 10.0 (VS2010)

time: Tue Sep 27 10:34:36 2016
elapsed time: 3 seconds (0d 0h 0m 3s)

