#
# There is insufficient memory for the Java Runtime Environment to continue.
# Native memory allocation (malloc) failed to allocate 1648096 bytes for Chunk::new
# Possible reasons:
#   The system is out of physical RAM or swap space
#   In 32 bit mode, the process size limit was hit
# Possible solutions:
#   Reduce memory load on the system
#   Increase physical memory or swap space
#   Check if swap backing store is full
#   Use 64 bit Java on a 64 bit OS
#   Decrease Java heap size (-Xmx/-Xms)
#   Decrease number of Java threads
#   Decrease Java thread stack sizes (-Xss)
#   Set larger code cache with -XX:ReservedCodeCacheSize=
# This output file may be truncated or incomplete.
#
#  Out of Memory Error (allocation.cpp:390), pid=1492, tid=1372
#
# JRE version: Java(TM) SE Runtime Environment (8.0_91-b14) (build 1.8.0_91-b14)
# Java VM: Java HotSpot(TM) 64-Bit Server VM (25.91-b14 mixed mode windows-amd64 compressed oops)
# Failed to write core dump. Minidumps are not enabled by default on client versions of Windows
#

---------------  T H R E A D  ---------------

Current thread (0x0000000015a05000):  JavaThread "C2 CompilerThread0" daemon [_thread_in_native, id=1372, stack(0x0000000017330000,0x0000000017430000)]

Stack: [0x0000000017330000,0x0000000017430000]
[error occurred during error reporting (printing stack bounds), id 0xc0000005]

Native frames: (J=compiled Java code, j=interpreted, Vv=VM code, C=native code)


Current CompileTask:
C2:    880 1338   !   4       com.android.dx.cf.code.BytecodeArray::parseInstruction (2764 bytes)


---------------  P R O C E S S  ---------------

Java Threads: ( => current thread )
  0x0000000016fc9800 JavaThread "pool-2-thread-4" [_thread_in_Java, id=6312, stack(0x0000000017c30000,0x0000000017d30000)]
  0x0000000016f11800 JavaThread "pool-3-thread-1" [_thread_blocked, id=6160, stack(0x0000000017930000,0x0000000017a30000)]
  0x0000000016db0000 JavaThread "Service Thread" daemon [_thread_blocked, id=10312, stack(0x0000000017630000,0x0000000017730000)]
  0x0000000015a39000 JavaThread "C1 CompilerThread2" daemon [_thread_blocked, id=8544, stack(0x0000000017530000,0x0000000017630000)]
  0x0000000015a08000 JavaThread "C2 CompilerThread1" daemon [_thread_in_native, id=8064, stack(0x0000000017430000,0x0000000017530000)]
=>0x0000000015a05000 JavaThread "C2 CompilerThread0" daemon [_thread_in_native, id=1372, stack(0x0000000017330000,0x0000000017430000)]
  0x00000000159f3000 JavaThread "Attach Listener" daemon [_thread_blocked, id=9892, stack(0x0000000017230000,0x0000000017330000)]
  0x00000000159f2000 JavaThread "Signal Dispatcher" daemon [_thread_blocked, id=6688, stack(0x0000000017130000,0x0000000017230000)]
  0x00000000159ca800 JavaThread "Finalizer" daemon [_thread_blocked, id=6208, stack(0x0000000016c30000,0x0000000016d30000)]
  0x00000000032ff000 JavaThread "Reference Handler" daemon [_thread_blocked, id=4712, stack(0x0000000016b30000,0x0000000016c30000)]
  0x0000000003211000 JavaThread "main" [_thread_blocked, id=7972, stack(0x0000000002cd0000,0x0000000002dd0000)]

Other Threads:
  0x00000000159a8000 VMThread [stack: 0x0000000016a30000,0x0000000016b30000] [id=9640]
  0x0000000016e07800 WatcherThread [stack: 0x0000000017730000,0x0000000017830000] [id=11000]

VM state:not at safepoint (normal execution)

VM Mutex/Monitor currently owned by a thread: None

Heap:
 PSYoungGen      total 38400K, used 18862K [0x00000000eab00000, 0x00000000ef600000, 0x0000000100000000)
  eden space 33280K, 41% used [0x00000000eab00000,0x00000000eb871828,0x00000000ecb80000)
  from space 5120K, 99% used [0x00000000ecb80000,0x00000000ed07a088,0x00000000ed080000)
  to   space 5120K, 0% used [0x00000000ef100000,0x00000000ef100000,0x00000000ef600000)
 ParOldGen       total 87552K, used 1259K [0x00000000c0000000, 0x00000000c5580000, 0x00000000eab00000)
  object space 87552K, 1% used [0x00000000c0000000,0x00000000c013aeb8,0x00000000c5580000)
 Metaspace       used 6006K, capacity 7024K, committed 7296K, reserved 1056768K
  class space    used 595K, capacity 616K, committed 640K, reserved 1048576K

Card table byte_map: [0x00000000126d0000,0x00000000128e0000] byte_map_base: 0x00000000120d0000

Marking Bits: (ParMarkBitMap*) 0x000000006a092f70
 Begin Bits: [0x0000000012e40000, 0x0000000013e40000)
 End Bits:   [0x0000000013e40000, 0x0000000014e40000)

Polling page: 0x0000000001570000

CodeCache: size=245760Kb used=5519Kb max_used=5519Kb free=240240Kb
 bounds [0x0000000003310000, 0x0000000003880000, 0x0000000012310000]
 total_blobs=1616 nmethods=1351 adapters=178
 compilation: enabled

Compilation events (10 events):
Event: 0.867 Thread 0x0000000015a39000 1356       3       com.android.dx.cf.code.OneLocalsArray::merge (22 bytes)
Event: 0.867 Thread 0x0000000015a39000 nmethod 1356 0x0000000003858e90 code [0x0000000003859060, 0x0000000003859798]
Event: 0.867 Thread 0x0000000015a39000 1357   !   3       com.android.dx.cf.code.OneLocalsArray::merge (31 bytes)
Event: 0.867 Thread 0x0000000015a39000 nmethod 1357 0x0000000003858790 code [0x0000000003858940, 0x0000000003858d08]
Event: 0.867 Thread 0x0000000015a39000 1358       3       com.android.dx.util.IntList::equals (82 bytes)
Event: 0.868 Thread 0x0000000015a39000 nmethod 1358 0x0000000003870f50 code [0x00000000038710e0, 0x0000000003871690]
Event: 0.868 Thread 0x0000000015a39000 1352       3       com.android.dx.cf.code.Ropper::addSynchExceptionHandlerBlock (206 bytes)
Event: 0.869 Thread 0x0000000015a39000 nmethod 1352 0x0000000003871890 code [0x0000000003871e40, 0x0000000003875bb8]
Event: 0.869 Thread 0x0000000015a39000 1359       1       java.util.HashMap$Node::getKey (5 bytes)
Event: 0.869 Thread 0x0000000015a39000 nmethod 1359 0x0000000003837e10 code [0x0000000003837f60, 0x0000000003838070]

GC Heap History (2 events):
Event: 0.763 GC heap before
{Heap before GC invocations=1 (full 0):
 PSYoungGen      total 38400K, used 33280K [0x00000000eab00000, 0x00000000ed580000, 0x0000000100000000)
  eden space 33280K, 100% used [0x00000000eab00000,0x00000000ecb80000,0x00000000ecb80000)
  from space 5120K, 0% used [0x00000000ed080000,0x00000000ed080000,0x00000000ed580000)
  to   space 5120K, 0% used [0x00000000ecb80000,0x00000000ecb80000,0x00000000ed080000)
 ParOldGen       total 87552K, used 0K [0x00000000c0000000, 0x00000000c5580000, 0x00000000eab00000)
  object space 87552K, 0% used [0x00000000c0000000,0x00000000c0000000,0x00000000c5580000)
 Metaspace       used 5880K, capacity 6896K, committed 7040K, reserved 1056768K
  class space    used 592K, capacity 616K, committed 640K, reserved 1048576K
Event: 0.772 GC heap after
Heap after GC invocations=1 (full 0):
 PSYoungGen      total 38400K, used 5096K [0x00000000eab00000, 0x00000000ef600000, 0x0000000100000000)
  eden space 33280K, 0% used [0x00000000eab00000,0x00000000eab00000,0x00000000ecb80000)
  from space 5120K, 99% used [0x00000000ecb80000,0x00000000ed07a088,0x00000000ed080000)
  to   space 5120K, 0% used [0x00000000ef100000,0x00000000ef100000,0x00000000ef600000)
 ParOldGen       total 87552K, used 1259K [0x00000000c0000000, 0x00000000c5580000, 0x00000000eab00000)
  object space 87552K, 1% used [0x00000000c0000000,0x00000000c013aeb8,0x00000000c5580000)
 Metaspace       used 5880K, capacity 6896K, committed 7040K, reserved 1056768K
  class space    used 592K, capacity 616K, committed 640K, reserved 1048576K
}

Deoptimization events (10 events):
Event: 0.792 Thread 0x0000000016fc9800 Uncommon trap: reason=speculate_class_check action=maybe_recompile pc=0x0000000003747948 method=com.android.dx.rop.cst.CstLiteral32.equals(Ljava/lang/Object;)Z @ 20
Event: 0.792 Thread 0x0000000016fc9800 Uncommon trap: reason=speculate_class_check action=maybe_recompile pc=0x0000000003747948 method=com.android.dx.rop.cst.CstLiteral32.equals(Ljava/lang/Object;)Z @ 20
Event: 0.796 Thread 0x0000000016fc9800 Uncommon trap: reason=bimorphic action=maybe_recompile pc=0x0000000003757dd0 method=com.android.dx.ssa.SCCP.setLatticeValueTo(IILcom/android/dx/rop/cst/Constant;)Z @ 43
Event: 0.796 Thread 0x0000000016fc9800 Uncommon trap: reason=bimorphic action=maybe_recompile pc=0x00000000037576e8 method=com.android.dx.ssa.SCCP.simulatePhi(Lcom/android/dx/ssa/PhiInsn;)V @ 124
Event: 0.796 Thread 0x0000000016fc9800 Uncommon trap: reason=bimorphic action=maybe_recompile pc=0x00000000037576e8 method=com.android.dx.ssa.SCCP.simulatePhi(Lcom/android/dx/ssa/PhiInsn;)V @ 124
Event: 0.796 Thread 0x0000000016fc9800 Uncommon trap: reason=bimorphic action=maybe_recompile pc=0x0000000003757dd0 method=com.android.dx.ssa.SCCP.setLatticeValueTo(IILcom/android/dx/rop/cst/Constant;)Z @ 43
Event: 0.796 Thread 0x0000000016fc9800 Uncommon trap: reason=bimorphic action=maybe_recompile pc=0x0000000003757dd0 method=com.android.dx.ssa.SCCP.setLatticeValueTo(IILcom/android/dx/rop/cst/Constant;)Z @ 43
Event: 0.796 Thread 0x0000000016fc9800 Uncommon trap: reason=bimorphic action=maybe_recompile pc=0x000000000351b108 method=java.util.HashMap.getNode(ILjava/lang/Object;)Ljava/util/HashMap$Node; @ 126
Event: 0.796 Thread 0x0000000016fc9800 Uncommon trap: reason=class_check action=maybe_recompile pc=0x000000000379c850 method=java.util.HashMap.putVal(ILjava/lang/Object;Ljava/lang/Object;ZZ)Ljava/lang/Object; @ 203
Event: 0.797 Thread 0x0000000016fc9800 Uncommon trap: reason=bimorphic action=maybe_recompile pc=0x0000000003757dd0 method=com.android.dx.ssa.SCCP.setLatticeValueTo(IILcom/android/dx/rop/cst/Constant;)Z @ 43

Internal exceptions (3 events):
Event: 0.026 Thread 0x0000000003211000 Exception <a 'java/lang/NoSuchMethodError': Method sun.misc.Unsafe.defineClass(Ljava/lang/String;[BII)Ljava/lang/Class; name or signature does not match> (0x00000000eab07cc0) thrown at [C:\re\workspace\8-2-build-windows-amd64-cygwin\jdk8u91\6644\hotspot\srœ¹ã.ÿš?
Event: 0.026 Thread 0x0000000003211000 Exception <a 'java/lang/NoSuchMethodError': Method sun.misc.Unsafe.prefetchRead(Ljava/lang/Object;J)V name or signature does not match> (0x00000000eab07fa8) thrown at [C:\re\workspace\8-2-build-windows-amd64-cygwin\jdk8u91\6644\hotspot\src\share\vm\prims\jcl.Éâ?
Event: 0.587 Thread 0x0000000016f21800 Implicit null exception at 0x0000000003582dae to 0x0000000003584559

Events (10 events):
Event: 0.833 Thread 0x0000000016fc9800 DEOPT UNPACKING pc=0x000000000335787f sp=0x0000000017d2e4d0 mode 0
Event: 0.853 loading class java/util/HashMap$KeySet
Event: 0.853 loading class java/util/HashMap$KeySet done
Event: 0.856 Thread 0x0000000016f14800 DEOPT PACKING pc=0x00000000036a155b sp=0x0000000017b2ebc0
Event: 0.856 Thread 0x0000000016f14800 DEOPT UNPACKING pc=0x000000000335787f sp=0x0000000017b2e988 mode 0
Event: 0.856 loading class java/util/HashMap$KeyIterator
Event: 0.857 loading class java/util/HashMap$KeyIterator done
Event: 0.857 Thread 0x0000000016f21800 Thread exited: 0x0000000016f21800
Event: 0.857 Thread 0x0000000016f11000 Thread exited: 0x0000000016f11000
Event: 0.862 Thread 0x0000000016f14800 Thread exited: 0x0000000016f14800


Dynamic libraries:
0x00007ff7a7c90000 - 0x00007ff7a7cc7000 	C:\Program Files\Java\jdk1.8.0_91\bin\java.exe
0x00007ffcfdd00000 - 0x00007ffcfded1000 	C:\WINDOWS\SYSTEM32\ntdll.dll
0x00007ffcfbc70000 - 0x00007ffcfbd1b000 	C:\WINDOWS\System32\KERNEL32.DLL
0x00007ffcfa1f0000 - 0x00007ffcfa40d000 	C:\WINDOWS\System32\KERNELBASE.dll
0x00007ffcfb3b0000 - 0x00007ffcfb452000 	C:\WINDOWS\System32\ADVAPI32.dll
0x00007ffcfc4b0000 - 0x00007ffcfc54e000 	C:\WINDOWS\System32\msvcrt.dll
0x00007ffcfbba0000 - 0x00007ffcfbbf9000 	C:\WINDOWS\System32\sechost.dll
0x00007ffcfbde0000 - 0x00007ffcfbf01000 	C:\WINDOWS\System32\RPCRT4.dll
0x00007ffcfc340000 - 0x00007ffcfc4a5000 	C:\WINDOWS\System32\USER32.dll
0x00007ffcfa980000 - 0x00007ffcfa99e000 	C:\WINDOWS\System32\win32u.dll
0x00007ffcfb4d0000 - 0x00007ffcfb504000 	C:\WINDOWS\System32\GDI32.dll
0x00007ffcfa410000 - 0x00007ffcfa592000 	C:\WINDOWS\System32\gdi32full.dll
0x00007ffcf48e0000 - 0x00007ffcf4b59000 	C:\WINDOWS\WinSxS\amd64_microsoft.windows.common-controls_6595b64144ccf1df_6.0.14393.0_none_2d0f50fcbdb171b8\COMCTL32.dll
0x00007ffcfb8d0000 - 0x00007ffcfbb97000 	C:\WINDOWS\System32\combase.dll
0x00007ffcfb130000 - 0x00007ffcfb225000 	C:\WINDOWS\System32\ucrtbase.dll
0x00007ffcfa910000 - 0x00007ffcfa97a000 	C:\WINDOWS\System32\bcryptPrimitives.dll
0x00007ffcfb290000 - 0x00007ffcfb2be000 	C:\WINDOWS\System32\IMM32.DLL
0x000000006a120000 - 0x000000006a1f2000 	C:\Program Files\Java\jdk1.8.0_91\jre\bin\msvcr100.dll
0x0000000069880000 - 0x000000006a113000 	C:\Program Files\Java\jdk1.8.0_91\jre\bin\server\jvm.dll
0x00007ffcfb510000 - 0x00007ffcfb518000 	C:\WINDOWS\System32\PSAPI.DLL
0x00007ffce44b0000 - 0x00007ffce44b9000 	C:\WINDOWS\SYSTEM32\WSOCK32.dll
0x00007ffcf8510000 - 0x00007ffcf8533000 	C:\WINDOWS\SYSTEM32\WINMM.dll
0x00007ffcfbc00000 - 0x00007ffcfbc6a000 	C:\WINDOWS\System32\WS2_32.dll
0x00007ffcf7190000 - 0x00007ffcf719a000 	C:\WINDOWS\SYSTEM32\VERSION.dll
0x00007ffcf84b0000 - 0x00007ffcf84db000 	C:\WINDOWS\SYSTEM32\WINMMBASE.dll
0x00007ffcfa820000 - 0x00007ffcfa862000 	C:\WINDOWS\System32\cfgmgr32.dll
0x0000000069870000 - 0x000000006987f000 	C:\Program Files\Java\jdk1.8.0_91\jre\bin\verify.dll
0x0000000069840000 - 0x0000000069869000 	C:\Program Files\Java\jdk1.8.0_91\jre\bin\java.dll
0x0000000069820000 - 0x0000000069836000 	C:\Program Files\Java\jdk1.8.0_91\jre\bin\zip.dll
0x00007ffcfc7f0000 - 0x00007ffcfdcf8000 	C:\WINDOWS\System32\SHELL32.dll
0x00007ffcfa9a0000 - 0x00007ffcfb07a000 	C:\WINDOWS\System32\windows.storage.dll
0x00007ffcfa160000 - 0x00007ffcfa1ac000 	C:\WINDOWS\System32\powrprof.dll
0x00007ffcfb470000 - 0x00007ffcfb4c2000 	C:\WINDOWS\System32\shlwapi.dll
0x00007ffcfa1e0000 - 0x00007ffcfa1ef000 	C:\WINDOWS\System32\kernel.appcore.dll
0x00007ffcfb080000 - 0x00007ffcfb129000 	C:\WINDOWS\System32\shcore.dll
0x00007ffcfa1b0000 - 0x00007ffcfa1c4000 	C:\WINDOWS\System32\profapi.dll

VM Arguments:
jvm_args: -Djava.awt.headless=true -Xmx1024M -Dfile.encoding=GBK -Duser.country=CN -Duser.language=zh -Duser.variant 
java_command: com.android.dx.command.Main --dex --force-jumbo --num-threads=4 --multi-dex --output D:\AndroidStudioProjects\PierGlass\app\build\intermediates\transforms\dex\debug\folders\1000\10\com.android.support-support-core-utils-24.2.1_5d37e2bc061378acf57a769eb40513f6d759f7b8 D:\AndroidStudioProjects\PierGlass\app\build\intermediates\exploded-aar\com.android.support\support-core-utils\24.2.1\jars\classes.jar
java_class_path (initial): C:\Android\sdk\build-tools\24.0.1\lib\dx.jar
Launcher Type: SUN_STANDARD

Environment Variables:
JAVA_HOME=C:\Program Files\Java\jdk1.8.0_91
CLASSPATH=.;C:\Program Files\Java\jdk1.8.0_91\bin;C:\Program Files\Java\jdk1.8.0_91\lib\dt.jar;C:\Program Files\Java\jdk1.8.0_91\lib\tools.jar
PATH=C:\Program Files\Java\jdk1.8.0_91\bin;C:\Program Files\Java\jdk1.8.0_91\jre\bin;C:\Android\sdk\platform-tools;C:\ProgramData\Oracle\Java\javapath;C:\WINDOWS\system32;C:\WINDOWS;C:\WINDOWS\System32\Wbem;C:\WINDOWS\System32\WindowsPowerShell\v1.0\;C:\Program Files\Git\cmd;C:\Program Files (x86)\apache-maven-3.3.9\bin;C:\Users\admin\AppData\Local\Microsoft\WindowsApps;
USERNAME=admin
OS=Windows_NT
PROCESSOR_IDENTIFIER=Intel64 Family 6 Model 60 Stepping 3, GenuineIntel



---------------  S Y S T E M  ---------------

OS: Windows 10.0 , 64 bit Build 14393 (10.0.14393.0)

CPU:total 4 (4 cores per cpu, 1 threads per core) family 6 model 60 stepping 3, cmov, cx8, fxsr, mmx, sse, sse2, sse3, ssse3, sse4.1, sse4.2, popcnt, avx, avx2, aes, clmul, erms, lzcnt, tsc, tscinvbit, bmi1, bmi2

Memory: 4k page, physical 8286104k(1596492k free), swap 8286104k(6292k free)

vm_info: Java HotSpot(TM) 64-Bit Server VM (25.91-b14) for windows-amd64 JRE (1.8.0_91-b14), built on Apr  1 2016 00:58:32 by "java_re" with MS VC++ 10.0 (VS2010)

time: Tue Sep 27 10:38:42 2016
elapsed time: 0 seconds (0d 0h 0m 0s)

