#
# There is insufficient memory for the Java Runtime Environment to continue.
# Native memory allocation (malloc) failed to allocate 1442016 bytes for Chunk::new
# Possible reasons:
#   The system is out of physical RAM or swap space
#   In 32 bit mode, the process size limit was hit
# Possible solutions:
#   Reduce memory load on the system
#   Increase physical memory or swap space
#   Check if swap backing store is full
#   Use 64 bit Java on a 64 bit OS
#   Decrease Java heap size (-Xmx/-Xms)
#   Decrease number of Java threads
#   Decrease Java thread stack sizes (-Xss)
#   Set larger code cache with -XX:ReservedCodeCacheSize=
# This output file may be truncated or incomplete.
#
#  Out of Memory Error (allocation.cpp:390), pid=10512, tid=10776
#
# JRE version: Java(TM) SE Runtime Environment (8.0_91-b14) (build 1.8.0_91-b14)
# Java VM: Java HotSpot(TM) 64-Bit Server VM (25.91-b14 mixed mode windows-amd64 compressed oops)
# Failed to write core dump. Minidumps are not enabled by default on client versions of Windows
#

---------------  T H R E A D  ---------------

Current thread (0x000000001595d000):  JavaThread "C2 CompilerThread1" daemon [_thread_in_native, id=10776, stack(0x0000000017370000,0x0000000017470000)]

Stack: [0x0000000017370000,0x0000000017470000]
[error occurred during error reporting (printing stack bounds), id 0xc0000005]

Native frames: (J=compiled Java code, j=interpreted, Vv=VM code, C=native code)


Current CompileTask:
C2:   3800 1867   !   4       com.android.dx.cf.code.BytecodeArray::parseInstruction (2764 bytes)


---------------  P R O C E S S  ---------------

Java Threads: ( => current thread )
  0x0000000016f0c000 JavaThread "pool-2-thread-4" [_thread_blocked, id=6804, stack(0x0000000017b70000,0x0000000017c70000)]
  0x0000000016f07800 JavaThread "pool-2-thread-3" [_thread_blocked, id=4752, stack(0x0000000017a70000,0x0000000017b70000)]
  0x0000000016f04800 JavaThread "pool-2-thread-2" [_thread_in_Java, id=10440, stack(0x0000000017970000,0x0000000017a70000)]
  0x0000000016de3800 JavaThread "pool-3-thread-1" [_thread_blocked, id=11880, stack(0x0000000017870000,0x0000000017970000)]
  0x0000000016dbf800 JavaThread "pool-2-thread-1" [_thread_in_Java, id=8128, stack(0x0000000017770000,0x0000000017870000)]
  0x0000000016ce9800 JavaThread "Service Thread" daemon [_thread_blocked, id=3444, stack(0x0000000017570000,0x0000000017670000)]
  0x0000000016c99000 JavaThread "C1 CompilerThread2" daemon [_thread_in_native, id=9636, stack(0x0000000017470000,0x0000000017570000)]
=>0x000000001595d000 JavaThread "C2 CompilerThread1" daemon [_thread_in_native, id=10776, stack(0x0000000017370000,0x0000000017470000)]
  0x000000001595a000 JavaThread "C2 CompilerThread0" daemon [_thread_in_native, id=12124, stack(0x0000000017270000,0x0000000017370000)]
  0x0000000015959800 JavaThread "Attach Listener" daemon [_thread_blocked, id=7376, stack(0x0000000017170000,0x0000000017270000)]
  0x0000000016c78800 JavaThread "Signal Dispatcher" daemon [_thread_blocked, id=11336, stack(0x0000000017070000,0x0000000017170000)]
  0x00000000158ea000 JavaThread "Finalizer" daemon [_thread_blocked, id=720, stack(0x0000000016b70000,0x0000000016c70000)]
  0x00000000158c9000 JavaThread "Reference Handler" daemon [_thread_blocked, id=10172, stack(0x0000000016a70000,0x0000000016b70000)]
  0x0000000003131000 JavaThread "main" [_thread_in_Java, id=10896, stack(0x0000000003030000,0x0000000003130000)]

Other Threads:
  0x00000000158c7000 VMThread [stack: 0x0000000016970000,0x0000000016a70000] [id=12244]
  0x0000000016d18000 WatcherThread [stack: 0x0000000017670000,0x0000000017770000] [id=10188]

VM state:not at safepoint (normal execution)

VM Mutex/Monitor currently owned by a thread: None

Heap:
 PSYoungGen      total 258048K, used 107309K [0x00000000eab00000, 0x0000000100000000, 0x0000000100000000)
  eden space 166912K, 9% used [0x00000000eab00000,0x00000000ebacd1c8,0x00000000f4e00000)
  from space 91136K, 99% used [0x00000000f4e00000,0x00000000fa6fe330,0x00000000fa700000)
  to   space 91136K, 0% used [0x00000000fa700000,0x00000000fa700000,0x0000000100000000)
 ParOldGen       total 168960K, used 71784K [0x00000000c0000000, 0x00000000ca500000, 0x00000000eab00000)
  object space 168960K, 42% used [0x00000000c0000000,0x00000000c461a0d0,0x00000000ca500000)
 Metaspace       used 5926K, capacity 6960K, committed 7040K, reserved 1056768K
  class space    used 586K, capacity 616K, committed 640K, reserved 1048576K

Card table byte_map: [0x00000000125f0000,0x0000000012800000] byte_map_base: 0x0000000011ff0000

Marking Bits: (ParMarkBitMap*) 0x000000006a092f70
 Begin Bits: [0x0000000012d60000, 0x0000000013d60000)
 End Bits:   [0x0000000013d60000, 0x0000000014d60000)

Polling page: 0x0000000002ba0000

CodeCache: size=245760Kb used=9414Kb max_used=9431Kb free=236345Kb
 bounds [0x0000000003230000, 0x0000000003b70000, 0x0000000012230000]
 total_blobs=2060 nmethods=1795 adapters=177
 compilation: enabled

Compilation events (10 events):
Event: 3.562 Thread 0x000000001595a000 1863       4       com.android.dx.rop.code.RegisterSpecList::withFirst (64 bytes)
Event: 3.565 Thread 0x000000001595a000 nmethod 1863 0x0000000003b49390 code [0x0000000003b494e0, 0x0000000003b497f8]
Event: 3.565 Thread 0x000000001595a000 1862       4       com.android.dx.dex.code.RopTranslator::pickOrder (400 bytes)
Event: 3.566 Thread 0x0000000016c99000 1868   !   3       com.android.dx.cf.code.Ropper::doit (126 bytes)
Event: 3.566 Thread 0x0000000016c99000 nmethod 1868 0x0000000003b5a1d0 code [0x0000000003b5a4c0, 0x0000000003b5b918]
Event: 3.780 Thread 0x000000001595d000 nmethod 1855 0x0000000003b61290 code [0x0000000003b61560, 0x0000000003b64a70]
Event: 3.780 Thread 0x000000001595d000 1867   !   4       com.android.dx.cf.code.BytecodeArray::parseInstruction (2764 bytes)
Event: 3.792 Thread 0x000000001595a000 nmethod 1862 0x0000000003b6c310 code [0x0000000003b6c520, 0x0000000003b6dce0]
Event: 3.792 Thread 0x000000001595a000 1870       4       com.android.dx.ssa.DeadCodeRemover::run (194 bytes)
Event: 3.797 Thread 0x0000000016c99000 1874       3       com.android.dx.cf.code.Ropper::addSetupBlocks (535 bytes)

GC Heap History (10 events):
Event: 2.040 GC heap before
{Heap before GC invocations=7 (full 2):
 PSYoungGen      total 138240K, used 5112K [0x00000000eab00000, 0x00000000faa00000, 0x0000000100000000)
  eden space 133120K, 0% used [0x00000000eab00000,0x00000000eab00000,0x00000000f2d00000)
  from space 5120K, 99% used [0x00000000f2d00000,0x00000000f31fe100,0x00000000f3200000)
  to   space 56320K, 0% used [0x00000000f7300000,0x00000000f7300000,0x00000000faa00000)
 ParOldGen       total 154624K, used 126601K [0x00000000c0000000, 0x00000000c9700000, 0x00000000eab00000)
  object space 154624K, 81% used [0x00000000c0000000,0x00000000c7ba2700,0x00000000c9700000)
 Metaspace       used 5816K, capacity 6896K, committed 7040K, reserved 1056768K
  class space    used 584K, capacity 616K, committed 640K, reserved 1048576K
Event: 2.174 GC heap after
Heap after GC invocations=7 (full 2):
 PSYoungGen      total 138240K, used 0K [0x00000000eab00000, 0x00000000faa00000, 0x0000000100000000)
  eden space 133120K, 0% used [0x00000000eab00000,0x00000000eab00000,0x00000000f2d00000)
  from space 5120K, 0% used [0x00000000f2d00000,0x00000000f2d00000,0x00000000f3200000)
  to   space 56320K, 0% used [0x00000000f7300000,0x00000000f7300000,0x00000000faa00000)
 ParOldGen       total 168960K, used 43892K [0x00000000c0000000, 0x00000000ca500000, 0x00000000eab00000)
  object space 168960K, 25% used [0x00000000c0000000,0x00000000c2add248,0x00000000ca500000)
 Metaspace       used 5816K, capacity 6896K, committed 7040K, reserved 1056768K
  class space    used 584K, capacity 616K, committed 640K, reserved 1048576K
}
Event: 2.392 GC heap before
{Heap before GC invocations=8 (full 2):
 PSYoungGen      total 138240K, used 133120K [0x00000000eab00000, 0x00000000faa00000, 0x0000000100000000)
  eden space 133120K, 100% used [0x00000000eab00000,0x00000000f2d00000,0x00000000f2d00000)
  from space 5120K, 0% used [0x00000000f2d00000,0x00000000f2d00000,0x00000000f3200000)
  to   space 56320K, 0% used [0x00000000f7300000,0x00000000f7300000,0x00000000faa00000)
 ParOldGen       total 168960K, used 43892K [0x00000000c0000000, 0x00000000ca500000, 0x00000000eab00000)
  object space 168960K, 25% used [0x00000000c0000000,0x00000000c2add248,0x00000000ca500000)
 Metaspace       used 5818K, capacity 6896K, committed 7040K, reserved 1056768K
  class space    used 584K, capacity 616K, committed 640K, reserved 1048576K
Event: 2.431 GC heap after
Heap after GC invocations=8 (full 2):
 PSYoungGen      total 195072K, used 55480K [0x00000000eab00000, 0x00000000fe880000, 0x0000000100000000)
  eden space 138752K, 0% used [0x00000000eab00000,0x00000000eab00000,0x00000000f3280000)
  from space 56320K, 98% used [0x00000000f7300000,0x00000000fa92e018,0x00000000faa00000)
  to   space 66048K, 0% used [0x00000000f3280000,0x00000000f3280000,0x00000000f7300000)
 ParOldGen       total 168960K, used 43892K [0x00000000c0000000, 0x00000000ca500000, 0x00000000eab00000)
  object space 168960K, 25% used [0x00000000c0000000,0x00000000c2add248,0x00000000ca500000)
 Metaspace       used 5818K, capacity 6896K, committed 7040K, reserved 1056768K
  class space    used 584K, capacity 616K, committed 640K, reserved 1048576K
}
Event: 2.784 GC heap before
{Heap before GC invocations=9 (full 2):
 PSYoungGen      total 195072K, used 194232K [0x00000000eab00000, 0x00000000fe880000, 0x0000000100000000)
  eden space 138752K, 100% used [0x00000000eab00000,0x00000000f3280000,0x00000000f3280000)
  from space 56320K, 98% used [0x00000000f7300000,0x00000000fa92e018,0x00000000faa00000)
  to   space 66048K, 0% used [0x00000000f3280000,0x00000000f3280000,0x00000000f7300000)
 ParOldGen       total 168960K, used 43892K [0x00000000c0000000, 0x00000000ca500000, 0x00000000eab00000)
  object space 168960K, 25% used [0x00000000c0000000,0x00000000c2add248,0x00000000ca500000)
 Metaspace       used 5896K, capacity 6960K, committed 7040K, reserved 1056768K
  class space    used 585K, capacity 616K, committed 640K, reserved 1048576K
Event: 2.849 GC heap after
Heap after GC invocations=9 (full 2):
 PSYoungGen      total 204800K, used 60461K [0x00000000eab00000, 0x0000000100000000, 0x0000000100000000)
  eden space 138752K, 0% used [0x00000000eab00000,0x00000000eab00000,0x00000000f3280000)
  from space 66048K, 91% used [0x00000000f3280000,0x00000000f6d8b478,0x00000000f7300000)
  to   space 74752K, 0% used [0x00000000fb700000,0x00000000fb700000,0x0000000100000000)
 ParOldGen       total 168960K, used 43892K [0x00000000c0000000, 0x00000000ca500000, 0x00000000eab00000)
  object space 168960K, 25% used [0x00000000c0000000,0x00000000c2add248,0x00000000ca500000)
 Metaspace       used 5896K, capacity 6960K, committed 7040K, reserved 1056768K
  class space    used 585K, capacity 616K, committed 640K, reserved 1048576K
}
Event: 3.177 GC heap before
{Heap before GC invocations=10 (full 2):
 PSYoungGen      total 204800K, used 199213K [0x00000000eab00000, 0x0000000100000000, 0x0000000100000000)
  eden space 138752K, 100% used [0x00000000eab00000,0x00000000f3280000,0x00000000f3280000)
  from space 66048K, 91% used [0x00000000f3280000,0x00000000f6d8b478,0x00000000f7300000)
  to   space 74752K, 0% used [0x00000000fb700000,0x00000000fb700000,0x0000000100000000)
 ParOldGen       total 168960K, used 43892K [0x00000000c0000000, 0x00000000ca500000, 0x00000000eab00000)
  object space 168960K, 25% used [0x00000000c0000000,0x00000000c2add248,0x00000000ca500000)
 Metaspace       used 5899K, capacity 6960K, committed 7040K, reserved 1056768K
  class space    used 585K, capacity 616K, committed 640K, reserved 1048576K
Event: 3.237 GC heap after
Heap after GC invocations=10 (full 2):
 PSYoungGen      total 241664K, used 74720K [0x00000000eab00000, 0x0000000100000000, 0x0000000100000000)
  eden space 166912K, 0% used [0x00000000eab00000,0x00000000eab00000,0x00000000f4e00000)
  from space 74752K, 99% used [0x00000000fb700000,0x00000000ffff8048,0x0000000100000000)
  to   space 91136K, 0% used [0x00000000f4e00000,0x00000000f4e00000,0x00000000fa700000)
 ParOldGen       total 168960K, used 55256K [0x00000000c0000000, 0x00000000ca500000, 0x00000000eab00000)
  object space 168960K, 32% used [0x00000000c0000000,0x00000000c35f63c0,0x00000000ca500000)
 Metaspace       used 5899K, capacity 6960K, committed 7040K, reserved 1056768K
  class space    used 585K, capacity 616K, committed 640K, reserved 1048576K
}
Event: 3.575 GC heap before
{Heap before GC invocations=11 (full 2):
 PSYoungGen      total 241664K, used 241632K [0x00000000eab00000, 0x0000000100000000, 0x0000000100000000)
  eden space 166912K, 100% used [0x00000000eab00000,0x00000000f4e00000,0x00000000f4e00000)
  from space 74752K, 99% used [0x00000000fb700000,0x00000000ffff8048,0x0000000100000000)
  to   space 91136K, 0% used [0x00000000f4e00000,0x00000000f4e00000,0x00000000fa700000)
 ParOldGen       total 168960K, used 55256K [0x00000000c0000000, 0x00000000ca500000, 0x00000000eab00000)
  object space 168960K, 32% used [0x00000000c0000000,0x00000000c35f63c0,0x00000000ca500000)
 Metaspace       used 5925K, capacity 6960K, committed 7040K, reserved 1056768K
  class space    used 586K, capacity 616K, committed 640K, reserved 1048576K
Event: 3.777 GC heap after
Heap after GC invocations=11 (full 2):
 PSYoungGen      total 258048K, used 91128K [0x00000000eab00000, 0x0000000100000000, 0x0000000100000000)
  eden space 166912K, 0% used [0x00000000eab00000,0x00000000eab00000,0x00000000f4e00000)
  from space 91136K, 99% used [0x00000000f4e00000,0x00000000fa6fe330,0x00000000fa700000)
  to   space 91136K, 0% used [0x00000000fa700000,0x00000000fa700000,0x0000000100000000)
 ParOldGen       total 168960K, used 71784K [0x00000000c0000000, 0x00000000ca500000, 0x00000000eab00000)
  object space 168960K, 42% used [0x00000000c0000000,0x00000000c461a0d0,0x00000000ca500000)
 Metaspace       used 5925K, capacity 6960K, committed 7040K, reserved 1056768K
  class space    used 586K, capacity 616K, committed 640K, reserved 1048576K
}

Deoptimization events (10 events):
Event: 2.678 Thread 0x0000000016dbf800 Uncommon trap: reason=unstable_if action=reinterpret pc=0x0000000003537c78 method=com.android.dx.rop.code.RegisterSpecSet.put(Lcom/android/dx/rop/code/RegisterSpec;)V @ 77
Event: 3.280 Thread 0x0000000003131000 Uncommon trap: reason=unstable_if action=reinterpret pc=0x0000000003399b00 method=java.lang.String.<init>([CII)V @ 18
Event: 3.285 Thread 0x0000000003131000 Uncommon trap: reason=unstable_if action=reinterpret pc=0x000000000349efe0 method=java.lang.String.<init>([CII)V @ 18
Event: 3.291 Thread 0x0000000003131000 Uncommon trap: reason=bimorphic action=maybe_recompile pc=0x00000000037387d4 method=java.util.HashMap.putVal(ILjava/lang/Object;Ljava/lang/Object;ZZ)Ljava/lang/Object; @ 203
Event: 3.293 Thread 0x0000000003131000 Uncommon trap: reason=class_check action=maybe_recompile pc=0x0000000003a5e910 method=com.android.dx.cf.code.RopperMachine.run(Lcom/android/dx/cf/code/Frame;II)V @ 988
Event: 3.293 Thread 0x0000000003131000 Uncommon trap: reason=unstable_if action=reinterpret pc=0x00000000038cbac0 method=com.android.dx.ssa.SCCP.simulateBranch(Lcom/android/dx/ssa/SsaInsn;)V @ 64
Event: 3.293 Thread 0x0000000003131000 Uncommon trap: reason=unloaded action=reinterpret pc=0x0000000003826488 method=com.android.dx.ssa.LiteralOpUpgrader$1.visitNonMoveInsn(Lcom/android/dx/ssa/NormalSsaInsn;)V @ 72
Event: 3.294 Thread 0x0000000003131000 Uncommon trap: reason=unstable_if action=reinterpret pc=0x0000000003730ffc method=com.android.dx.ssa.SsaMethod.onSourcesChanged(Lcom/android/dx/ssa/SsaInsn;Lcom/android/dx/rop/code/RegisterSpecList;)V @ 9
Event: 3.294 Thread 0x0000000003131000 Uncommon trap: reason=unstable_if action=reinterpret pc=0x000000000376db1c method=com.android.dx.ssa.SsaMethod.updateOneDefinition(Lcom/android/dx/ssa/SsaInsn;Lcom/android/dx/rop/code/RegisterSpec;)V @ 4
Event: 3.421 Thread 0x0000000016f0c000 Uncommon trap: reason=bimorphic action=maybe_recompile pc=0x00000000037387d4 method=java.util.HashMap.putVal(ILjava/lang/Object;Ljava/lang/Object;ZZ)Ljava/lang/Object; @ 203

Internal exceptions (4 events):
Event: 0.023 Thread 0x0000000003131000 Exception <a 'java/lang/NoSuchMethodError': Method sun.misc.Unsafe.defineClass(Ljava/lang/String;[BII)Ljava/lang/Class; name or signature does not match> (0x00000000eab07cc0) thrown at [C:\re\workspace\8-2-build-windows-amd64-cygwin\jdk8u91\6644\hotspot\srœ8ýÀÔ—?
Event: 0.023 Thread 0x0000000003131000 Exception <a 'java/lang/NoSuchMethodError': Method sun.misc.Unsafe.prefetchRead(Ljava/lang/Object;J)V name or signature does not match> (0x00000000eab07fa8) thrown at [C:\re\workspace\8-2-build-windows-amd64-cygwin\jdk8u91\6644\hotspot\src\share\vm\prims\jØÿÐ{ÓÂã?
Event: 0.618 Thread 0x0000000016f07800 Implicit null exception at 0x00000000034a5862 to 0x00000000034a5969
Event: 3.294 Thread 0x0000000003131000 Implicit null exception at 0x00000000037305f4 to 0x0000000003730fe5

Events (10 events):
Event: 3.555 Thread 0x0000000016f07800 DEOPT PACKING pc=0x00000000038edb3b sp=0x0000000017b6ebb0
Event: 3.555 Thread 0x0000000016f07800 DEOPT UNPACKING pc=0x000000000327787f sp=0x0000000017b6e910 mode 0
Event: 3.566 Thread 0x0000000016f07800 DEOPT PACKING pc=0x00000000038fe6c9 sp=0x0000000017b6ec50
Event: 3.566 Thread 0x0000000016f07800 DEOPT UNPACKING pc=0x000000000327787f sp=0x0000000017b6e9d8 mode 0
Event: 3.571 Executing VM operation: ParallelGCFailedAllocation
Event: 3.777 Executing VM operation: ParallelGCFailedAllocation done
Event: 3.783 Thread 0x0000000003131000 DEOPT PACKING pc=0x0000000003728ec1 sp=0x000000000312e3b0
Event: 3.783 Thread 0x0000000003131000 DEOPT UNPACKING pc=0x000000000327787f sp=0x000000000312e128 mode 0
Event: 3.787 Thread 0x0000000016dbf800 DEOPT PACKING pc=0x00000000038edb3b sp=0x000000001786e7b0
Event: 3.787 Thread 0x0000000016dbf800 DEOPT UNPACKING pc=0x000000000327787f sp=0x000000001786e510 mode 0


Dynamic libraries:
0x00007ff7a7c90000 - 0x00007ff7a7cc7000 	C:\Program Files\Java\jdk1.8.0_91\bin\java.exe
0x00007ffcfdd00000 - 0x00007ffcfded1000 	C:\WINDOWS\SYSTEM32\ntdll.dll
0x00007ffcfbc70000 - 0x00007ffcfbd1b000 	C:\WINDOWS\System32\KERNEL32.DLL
0x00007ffcfa1f0000 - 0x00007ffcfa40d000 	C:\WINDOWS\System32\KERNELBASE.dll
0x00007ffcfb3b0000 - 0x00007ffcfb452000 	C:\WINDOWS\System32\ADVAPI32.dll
0x00007ffcfc4b0000 - 0x00007ffcfc54e000 	C:\WINDOWS\System32\msvcrt.dll
0x00007ffcfbba0000 - 0x00007ffcfbbf9000 	C:\WINDOWS\System32\sechost.dll
0x00007ffcfbde0000 - 0x00007ffcfbf01000 	C:\WINDOWS\System32\RPCRT4.dll
0x00007ffcfc340000 - 0x00007ffcfc4a5000 	C:\WINDOWS\System32\USER32.dll
0x00007ffcfa980000 - 0x00007ffcfa99e000 	C:\WINDOWS\System32\win32u.dll
0x00007ffcfb4d0000 - 0x00007ffcfb504000 	C:\WINDOWS\System32\GDI32.dll
0x00007ffcfa410000 - 0x00007ffcfa592000 	C:\WINDOWS\System32\gdi32full.dll
0x00007ffcf48e0000 - 0x00007ffcf4b59000 	C:\WINDOWS\WinSxS\amd64_microsoft.windows.common-controls_6595b64144ccf1df_6.0.14393.0_none_2d0f50fcbdb171b8\COMCTL32.dll
0x00007ffcfb8d0000 - 0x00007ffcfbb97000 	C:\WINDOWS\System32\combase.dll
0x00007ffcfb130000 - 0x00007ffcfb225000 	C:\WINDOWS\System32\ucrtbase.dll
0x00007ffcfa910000 - 0x00007ffcfa97a000 	C:\WINDOWS\System32\bcryptPrimitives.dll
0x00007ffcfb290000 - 0x00007ffcfb2be000 	C:\WINDOWS\System32\IMM32.DLL
0x000000006a120000 - 0x000000006a1f2000 	C:\Program Files\Java\jdk1.8.0_91\jre\bin\msvcr100.dll
0x0000000069880000 - 0x000000006a113000 	C:\Program Files\Java\jdk1.8.0_91\jre\bin\server\jvm.dll
0x00007ffcfb510000 - 0x00007ffcfb518000 	C:\WINDOWS\System32\PSAPI.DLL
0x00007ffce44b0000 - 0x00007ffce44b9000 	C:\WINDOWS\SYSTEM32\WSOCK32.dll
0x00007ffcfbc00000 - 0x00007ffcfbc6a000 	C:\WINDOWS\System32\WS2_32.dll
0x00007ffcf8510000 - 0x00007ffcf8533000 	C:\WINDOWS\SYSTEM32\WINMM.dll
0x00007ffcf7190000 - 0x00007ffcf719a000 	C:\WINDOWS\SYSTEM32\VERSION.dll
0x00007ffcf84b0000 - 0x00007ffcf84db000 	C:\WINDOWS\SYSTEM32\WINMMBASE.dll
0x00007ffcfa820000 - 0x00007ffcfa862000 	C:\WINDOWS\System32\cfgmgr32.dll
0x0000000069870000 - 0x000000006987f000 	C:\Program Files\Java\jdk1.8.0_91\jre\bin\verify.dll
0x0000000069840000 - 0x0000000069869000 	C:\Program Files\Java\jdk1.8.0_91\jre\bin\java.dll
0x0000000069820000 - 0x0000000069836000 	C:\Program Files\Java\jdk1.8.0_91\jre\bin\zip.dll
0x00007ffcfc7f0000 - 0x00007ffcfdcf8000 	C:\WINDOWS\System32\SHELL32.dll
0x00007ffcfa9a0000 - 0x00007ffcfb07a000 	C:\WINDOWS\System32\windows.storage.dll
0x00007ffcfa160000 - 0x00007ffcfa1ac000 	C:\WINDOWS\System32\powrprof.dll
0x00007ffcfb470000 - 0x00007ffcfb4c2000 	C:\WINDOWS\System32\shlwapi.dll
0x00007ffcfa1e0000 - 0x00007ffcfa1ef000 	C:\WINDOWS\System32\kernel.appcore.dll
0x00007ffcfb080000 - 0x00007ffcfb129000 	C:\WINDOWS\System32\shcore.dll
0x00007ffcfa1b0000 - 0x00007ffcfa1c4000 	C:\WINDOWS\System32\profapi.dll

VM Arguments:
jvm_args: -Djava.awt.headless=true -Xmx1024M -Dfile.encoding=GBK -Duser.country=CN -Duser.language=zh -Duser.variant 
java_command: com.android.dx.command.Main --dex --force-jumbo --num-threads=4 --multi-dex --output D:\AndroidStudioProjects\PierGlass\app\build\intermediates\transforms\dex\debug\folders\1000\5\slice_6 D:\AndroidStudioProjects\PierGlass\app\build\intermediates\transforms\instantRunSlicer\debug\folders\1\5\slice_6
java_class_path (initial): C:\Android\sdk\build-tools\24.0.1\lib\dx.jar
Launcher Type: SUN_STANDARD

Environment Variables:
JAVA_HOME=C:\Program Files\Java\jdk1.8.0_91
CLASSPATH=.;C:\Program Files\Java\jdk1.8.0_91\bin;C:\Program Files\Java\jdk1.8.0_91\lib\dt.jar;C:\Program Files\Java\jdk1.8.0_91\lib\tools.jar
PATH=C:\Program Files\Java\jdk1.8.0_91\bin;C:\Program Files\Java\jdk1.8.0_91\jre\bin;C:\Android\sdk\platform-tools;C:\ProgramData\Oracle\Java\javapath;C:\WINDOWS\system32;C:\WINDOWS;C:\WINDOWS\System32\Wbem;C:\WINDOWS\System32\WindowsPowerShell\v1.0\;C:\Program Files\Git\cmd;C:\Program Files (x86)\apache-maven-3.3.9\bin;C:\Users\admin\AppData\Local\Microsoft\WindowsApps;
USERNAME=admin
OS=Windows_NT
PROCESSOR_IDENTIFIER=Intel64 Family 6 Model 60 Stepping 3, GenuineIntel



---------------  S Y S T E M  ---------------

OS: Windows 10.0 , 64 bit Build 14393 (10.0.14393.0)

CPU:total 4 (4 cores per cpu, 1 threads per core) family 6 model 60 stepping 3, cmov, cx8, fxsr, mmx, sse, sse2, sse3, ssse3, sse4.1, sse4.2, popcnt, avx, avx2, aes, clmul, erms, lzcnt, tsc, tscinvbit, bmi1, bmi2

Memory: 4k page, physical 8286104k(1568264k free), swap 8286104k(6252k free)

vm_info: Java HotSpot(TM) 64-Bit Server VM (25.91-b14) for windows-amd64 JRE (1.8.0_91-b14), built on Apr  1 2016 00:58:32 by "java_re" with MS VC++ 10.0 (VS2010)

time: Tue Sep 27 10:36:55 2016
elapsed time: 3 seconds (0d 0h 0m 3s)

