#
# There is insufficient memory for the Java Runtime Environment to continue.
# Native memory allocation (malloc) failed to allocate 1697456 bytes for Chunk::new
# Possible reasons:
#   The system is out of physical RAM or swap space
#   In 32 bit mode, the process size limit was hit
# Possible solutions:
#   Reduce memory load on the system
#   Increase physical memory or swap space
#   Check if swap backing store is full
#   Use 64 bit Java on a 64 bit OS
#   Decrease Java heap size (-Xmx/-Xms)
#   Decrease number of Java threads
#   Decrease Java thread stack sizes (-Xss)
#   Set larger code cache with -XX:ReservedCodeCacheSize=
# This output file may be truncated or incomplete.
#
#  Out of Memory Error (allocation.cpp:390), pid=12264, tid=11652
#
# JRE version: Java(TM) SE Runtime Environment (8.0_91-b14) (build 1.8.0_91-b14)
# Java VM: Java HotSpot(TM) 64-Bit Server VM (25.91-b14 mixed mode windows-amd64 compressed oops)
# Failed to write core dump. Minidumps are not enabled by default on client versions of Windows
#

---------------  T H R E A D  ---------------

Current thread (0x000000001586a000):  JavaThread "C2 CompilerThread0" daemon [_thread_in_native, id=11652, stack(0x0000000017160000,0x0000000017260000)]

Stack: [0x0000000017160000,0x0000000017260000]
[error occurred during error reporting (printing stack bounds), id 0xc0000005]

Native frames: (J=compiled Java code, j=interpreted, Vv=VM code, C=native code)


Current CompileTask:
C2:    764 1115   !   4       com.android.dx.cf.code.BytecodeArray::parseInstruction (2764 bytes)


---------------  P R O C E S S  ---------------

Java Threads: ( => current thread )
  0x0000000016e14000 JavaThread "pool-2-thread-4" [_thread_in_Java, id=10436, stack(0x0000000017a60000,0x0000000017b60000)]
  0x0000000016e13800 JavaThread "pool-2-thread-2" [_thread_in_Java, id=10688, stack(0x0000000017860000,0x0000000017960000)]
  0x0000000016cd7000 JavaThread "pool-3-thread-1" [_thread_blocked, id=10456, stack(0x0000000017760000,0x0000000017860000)]
  0x0000000016cb0000 JavaThread "pool-2-thread-1" [_thread_in_Java, id=10164, stack(0x0000000017660000,0x0000000017760000)]
  0x0000000016bc1800 JavaThread "Service Thread" daemon [_thread_blocked, id=12232, stack(0x0000000017460000,0x0000000017560000)]
  0x0000000016bbb800 JavaThread "C1 CompilerThread2" daemon [_thread_blocked, id=3228, stack(0x0000000017360000,0x0000000017460000)]
  0x0000000016bb5800 JavaThread "C2 CompilerThread1" daemon [_thread_in_native, id=8728, stack(0x0000000017260000,0x0000000017360000)]
=>0x000000001586a000 JavaThread "C2 CompilerThread0" daemon [_thread_in_native, id=11652, stack(0x0000000017160000,0x0000000017260000)]
  0x000000001581e000 JavaThread "Attach Listener" daemon [_thread_blocked, id=10084, stack(0x0000000017060000,0x0000000017160000)]
  0x0000000016b68800 JavaThread "Signal Dispatcher" daemon [_thread_blocked, id=1472, stack(0x0000000016f60000,0x0000000017060000)]
  0x00000000157fa800 JavaThread "Finalizer" daemon [_thread_blocked, id=9820, stack(0x0000000016a60000,0x0000000016b60000)]
  0x000000000312f000 JavaThread "Reference Handler" daemon [_thread_blocked, id=9124, stack(0x0000000016960000,0x0000000016a60000)]
  0x0000000003041000 JavaThread "main" [_thread_blocked, id=12112, stack(0x0000000002df0000,0x0000000002ef0000)]

Other Threads:
  0x00000000157d8000 VMThread [stack: 0x0000000016860000,0x0000000016960000] [id=10728]
  0x0000000016c31800 WatcherThread [stack: 0x0000000017560000,0x0000000017660000] [id=12164]

VM state:not at safepoint (normal execution)

VM Mutex/Monitor currently owned by a thread: None

Heap:
 PSYoungGen      total 38400K, used 33147K [0x00000000eab00000, 0x00000000ef600000, 0x0000000100000000)
  eden space 33280K, 84% used [0x00000000eab00000,0x00000000ec663320,0x00000000ecb80000)
  from space 5120K, 99% used [0x00000000ecb80000,0x00000000ed07bad0,0x00000000ed080000)
  to   space 5120K, 0% used [0x00000000ef100000,0x00000000ef100000,0x00000000ef600000)
 ParOldGen       total 87552K, used 4021K [0x00000000c0000000, 0x00000000c5580000, 0x00000000eab00000)
  object space 87552K, 4% used [0x00000000c0000000,0x00000000c03ed4b8,0x00000000c5580000)
 Metaspace       used 5822K, capacity 6896K, committed 7040K, reserved 1056768K
  class space    used 591K, capacity 616K, committed 640K, reserved 1048576K

Card table byte_map: [0x0000000012500000,0x0000000012710000] byte_map_base: 0x0000000011f00000

Marking Bits: (ParMarkBitMap*) 0x000000006a092f70
 Begin Bits: [0x0000000012c70000, 0x0000000013c70000)
 End Bits:   [0x0000000013c70000, 0x0000000014c70000)

Polling page: 0x00000000012d0000

CodeCache: size=245760Kb used=4628Kb max_used=4628Kb free=241131Kb
 bounds [0x0000000003140000, 0x00000000035d0000, 0x0000000012140000]
 total_blobs=1404 nmethods=1140 adapters=177
 compilation: enabled

Compilation events (10 events):
Event: 0.722 Thread 0x0000000016bbb800 1145       3       java.lang.System$2::invokeFinalize (5 bytes)
Event: 0.723 Thread 0x0000000016bbb800 nmethod 1145 0x00000000035c4950 code [0x00000000035c4ac0, 0x00000000035c4ce8]
Event: 0.723 Thread 0x0000000016bbb800 1146       3       java.lang.ref.Reference::clear (6 bytes)
Event: 0.723 Thread 0x0000000016bbb800 nmethod 1146 0x00000000035c4d90 code [0x00000000035c4ee0, 0x00000000035c5050]
Event: 0.728 Thread 0x0000000016bbb800 1148       3       com.android.dx.util.Hex::u2 (44 bytes)
Event: 0.728 Thread 0x0000000016bbb800 nmethod 1148 0x00000000035c50d0 code [0x00000000035c5280, 0x00000000035c58f8]
Event: 0.735 Thread 0x0000000016bbb800 1149       3       com.android.dx.cf.code.ExecutionStack::makeInitialized (51 bytes)
Event: 0.735 Thread 0x0000000016bbb800 nmethod 1149 0x00000000035c5bd0 code [0x00000000035c5d80, 0x00000000035c6418]
Event: 0.739 Thread 0x0000000016bbb800 1152       3       com.android.dx.rop.type.Type::asUninitialized (140 bytes)
Event: 0.740 Thread 0x0000000016bbb800 nmethod 1152 0x00000000035c6710 code [0x00000000035c6a60, 0x00000000035c8698]

GC Heap History (2 events):
Event: 0.708 GC heap before
{Heap before GC invocations=1 (full 0):
 PSYoungGen      total 38400K, used 33280K [0x00000000eab00000, 0x00000000ed580000, 0x0000000100000000)
  eden space 33280K, 100% used [0x00000000eab00000,0x00000000ecb80000,0x00000000ecb80000)
  from space 5120K, 0% used [0x00000000ed080000,0x00000000ed080000,0x00000000ed580000)
  to   space 5120K, 0% used [0x00000000ecb80000,0x00000000ecb80000,0x00000000ed080000)
 ParOldGen       total 87552K, used 0K [0x00000000c0000000, 0x00000000c5580000, 0x00000000eab00000)
  object space 87552K, 0% used [0x00000000c0000000,0x00000000c0000000,0x00000000c5580000)
 Metaspace       used 5812K, capacity 6896K, committed 7040K, reserved 1056768K
  class space    used 591K, capacity 616K, committed 640K, reserved 1048576K
Event: 0.719 GC heap after
Heap after GC invocations=1 (full 0):
 PSYoungGen      total 38400K, used 5102K [0x00000000eab00000, 0x00000000ef600000, 0x0000000100000000)
  eden space 33280K, 0% used [0x00000000eab00000,0x00000000eab00000,0x00000000ecb80000)
  from space 5120K, 99% used [0x00000000ecb80000,0x00000000ed07bad0,0x00000000ed080000)
  to   space 5120K, 0% used [0x00000000ef100000,0x00000000ef100000,0x00000000ef600000)
 ParOldGen       total 87552K, used 4021K [0x00000000c0000000, 0x00000000c5580000, 0x00000000eab00000)
  object space 87552K, 4% used [0x00000000c0000000,0x00000000c03ed4b8,0x00000000c5580000)
 Metaspace       used 5812K, capacity 6896K, committed 7040K, reserved 1056768K
  class space    used 591K, capacity 616K, committed 640K, reserved 1048576K
}

Deoptimization events (10 events):
Event: 0.577 Thread 0x0000000016e13800 Uncommon trap: reason=unstable_if action=reinterpret pc=0x0000000003513a20 method=com.android.dx.util.IntList.binarysearch(I)I @ 26
Event: 0.587 Thread 0x0000000016e13800 Uncommon trap: reason=null_check action=make_not_entrant pc=0x000000000348db68 method=com.android.dx.rop.type.Type.equals(Ljava/lang/Object;)Z @ 8
Event: 0.594 Thread 0x0000000016e13800 Uncommon trap: reason=unstable_if action=reinterpret pc=0x000000000351caf8 method=com.android.dx.cf.code.Ropper.labelToResultIndex(I)I @ 34
Event: 0.595 Thread 0x0000000016e13800 Uncommon trap: reason=unstable_if action=reinterpret pc=0x00000000033592b8 method=java.util.BitSet.ensureCapacity(I)V @ 6
Event: 0.595 Thread 0x0000000016e13800 Uncommon trap: reason=null_check action=make_not_entrant pc=0x0000000003480568 method=com.android.dx.ssa.SsaRenamer.getLocalForNewReg(I)Lcom/android/dx/rop/code/LocalItem; @ 19
Event: 0.595 Thread 0x0000000016e13800 Uncommon trap: reason=null_check action=make_not_entrant pc=0x000000000341649c method=com.android.dx.ssa.SsaRenamer.getLocalForNewReg(I)Lcom/android/dx/rop/code/LocalItem; @ 19
Event: 0.677 Thread 0x0000000016cb0000 Uncommon trap: reason=class_check action=maybe_recompile pc=0x00000000035a8c7c method=com.android.dx.cf.code.BytecodeArray.parseInstruction(ILcom/android/dx/cf/code/BytecodeArray$Visitor;)I @ 987
Event: 0.688 Thread 0x0000000016cb0000 Uncommon trap: reason=class_check action=maybe_recompile pc=0x00000000035a8c7c method=com.android.dx.cf.code.BytecodeArray.parseInstruction(ILcom/android/dx/cf/code/BytecodeArray$Visitor;)I @ 987
Event: 0.689 Thread 0x0000000016cb0000 Uncommon trap: reason=class_check action=maybe_recompile pc=0x00000000035a8c7c method=com.android.dx.cf.code.BytecodeArray.parseInstruction(ILcom/android/dx/cf/code/BytecodeArray$Visitor;)I @ 987
Event: 0.689 Thread 0x0000000016cb0000 Uncommon trap: reason=class_check action=maybe_recompile pc=0x00000000035a8c7c method=com.android.dx.cf.code.BytecodeArray.parseInstruction(ILcom/android/dx/cf/code/BytecodeArray$Visitor;)I @ 987

Internal exceptions (5 events):
Event: 0.032 Thread 0x0000000003041000 Exception <a 'java/lang/NoSuchMethodError': Method sun.misc.Unsafe.defineClass(Ljava/lang/String;[BII)Ljava/lang/Class; name or signature does not match> (0x00000000eab07cc0) thrown at [C:\re\workspace\8-2-build-windows-amd64-cygwin\jdk8u91\6644\hotspot\sræÚñÓûV ?
Event: 0.032 Thread 0x0000000003041000 Exception <a 'java/lang/NoSuchMethodError': Method sun.misc.Unsafe.prefetchRead(Ljava/lang/Object;J)V name or signature does not match> (0x00000000eab07fa8) thrown at [C:\re\workspace\8-2-build-windows-amd64-cygwin\jdk8u91\6644\hotspot\src\share\vm\prims\j†Á,¤Ìâ?
Event: 0.587 Thread 0x0000000016e13800 Implicit null exception at 0x000000000348da62 to 0x000000000348db5a
Event: 0.595 Thread 0x0000000016e13800 Implicit null exception at 0x000000000347e802 to 0x0000000003480525
Event: 0.595 Thread 0x0000000016e13800 Implicit null exception at 0x00000000034149cc to 0x000000000341647d

Events (10 events):
Event: 0.689 Thread 0x0000000016cb0000 DEOPT PACKING pc=0x00000000035a8c7c sp=0x000000001775e7d0
Event: 0.689 Thread 0x0000000016cb0000 DEOPT UNPACKING pc=0x000000000318582a sp=0x000000001775e740 mode 2
Event: 0.706 Thread 0x0000000016cb0000 DEOPT PACKING pc=0x0000000003515c2d sp=0x000000001775e7a0
Event: 0.706 Thread 0x0000000016cb0000 DEOPT UNPACKING pc=0x000000000318787f sp=0x000000001775e538 mode 0
Event: 0.707 Executing VM operation: ParallelGCFailedAllocation
Event: 0.719 Executing VM operation: ParallelGCFailedAllocation done
Event: 0.745 Thread 0x0000000016e13800 DEOPT PACKING pc=0x0000000003515c2d sp=0x000000001795e670
Event: 0.745 Thread 0x0000000016e13800 DEOPT UNPACKING pc=0x000000000318787f sp=0x000000001795e408 mode 0
Event: 0.753 Thread 0x0000000016e14000 DEOPT PACKING pc=0x0000000003515c2d sp=0x0000000017b5e940
Event: 0.753 Thread 0x0000000016e14000 DEOPT UNPACKING pc=0x000000000318787f sp=0x0000000017b5e6d8 mode 0


Dynamic libraries:
0x00007ff7a7c90000 - 0x00007ff7a7cc7000 	C:\Program Files\Java\jdk1.8.0_91\bin\java.exe
0x00007ffcfdd00000 - 0x00007ffcfded1000 	C:\WINDOWS\SYSTEM32\ntdll.dll
0x00007ffcfbc70000 - 0x00007ffcfbd1b000 	C:\WINDOWS\System32\KERNEL32.DLL
0x00007ffcfa1f0000 - 0x00007ffcfa40d000 	C:\WINDOWS\System32\KERNELBASE.dll
0x00007ffcfb3b0000 - 0x00007ffcfb452000 	C:\WINDOWS\System32\ADVAPI32.dll
0x00007ffcfc4b0000 - 0x00007ffcfc54e000 	C:\WINDOWS\System32\msvcrt.dll
0x00007ffcfbba0000 - 0x00007ffcfbbf9000 	C:\WINDOWS\System32\sechost.dll
0x00007ffcfbde0000 - 0x00007ffcfbf01000 	C:\WINDOWS\System32\RPCRT4.dll
0x00007ffcfc340000 - 0x00007ffcfc4a5000 	C:\WINDOWS\System32\USER32.dll
0x00007ffcfa980000 - 0x00007ffcfa99e000 	C:\WINDOWS\System32\win32u.dll
0x00007ffcfb4d0000 - 0x00007ffcfb504000 	C:\WINDOWS\System32\GDI32.dll
0x00007ffcfa410000 - 0x00007ffcfa592000 	C:\WINDOWS\System32\gdi32full.dll
0x00007ffcf48e0000 - 0x00007ffcf4b59000 	C:\WINDOWS\WinSxS\amd64_microsoft.windows.common-controls_6595b64144ccf1df_6.0.14393.0_none_2d0f50fcbdb171b8\COMCTL32.dll
0x00007ffcfb8d0000 - 0x00007ffcfbb97000 	C:\WINDOWS\System32\combase.dll
0x00007ffcfb130000 - 0x00007ffcfb225000 	C:\WINDOWS\System32\ucrtbase.dll
0x00007ffcfa910000 - 0x00007ffcfa97a000 	C:\WINDOWS\System32\bcryptPrimitives.dll
0x00007ffcfb290000 - 0x00007ffcfb2be000 	C:\WINDOWS\System32\IMM32.DLL
0x000000006a120000 - 0x000000006a1f2000 	C:\Program Files\Java\jdk1.8.0_91\jre\bin\msvcr100.dll
0x0000000069880000 - 0x000000006a113000 	C:\Program Files\Java\jdk1.8.0_91\jre\bin\server\jvm.dll
0x00007ffcfb510000 - 0x00007ffcfb518000 	C:\WINDOWS\System32\PSAPI.DLL
0x00007ffce44b0000 - 0x00007ffce44b9000 	C:\WINDOWS\SYSTEM32\WSOCK32.dll
0x00007ffcfbc00000 - 0x00007ffcfbc6a000 	C:\WINDOWS\System32\WS2_32.dll
0x00007ffcf8510000 - 0x00007ffcf8533000 	C:\WINDOWS\SYSTEM32\WINMM.dll
0x00007ffcf7190000 - 0x00007ffcf719a000 	C:\WINDOWS\SYSTEM32\VERSION.dll
0x00007ffcf84b0000 - 0x00007ffcf84db000 	C:\WINDOWS\SYSTEM32\WINMMBASE.dll
0x00007ffcfa820000 - 0x00007ffcfa862000 	C:\WINDOWS\System32\cfgmgr32.dll
0x0000000069870000 - 0x000000006987f000 	C:\Program Files\Java\jdk1.8.0_91\jre\bin\verify.dll
0x0000000069840000 - 0x0000000069869000 	C:\Program Files\Java\jdk1.8.0_91\jre\bin\java.dll
0x0000000069820000 - 0x0000000069836000 	C:\Program Files\Java\jdk1.8.0_91\jre\bin\zip.dll
0x00007ffcfc7f0000 - 0x00007ffcfdcf8000 	C:\WINDOWS\System32\SHELL32.dll
0x00007ffcfa9a0000 - 0x00007ffcfb07a000 	C:\WINDOWS\System32\windows.storage.dll
0x00007ffcfa160000 - 0x00007ffcfa1ac000 	C:\WINDOWS\System32\powrprof.dll
0x00007ffcfb470000 - 0x00007ffcfb4c2000 	C:\WINDOWS\System32\shlwapi.dll
0x00007ffcfa1e0000 - 0x00007ffcfa1ef000 	C:\WINDOWS\System32\kernel.appcore.dll
0x00007ffcfb080000 - 0x00007ffcfb129000 	C:\WINDOWS\System32\shcore.dll
0x00007ffcfa1b0000 - 0x00007ffcfa1c4000 	C:\WINDOWS\System32\profapi.dll

VM Arguments:
jvm_args: -Djava.awt.headless=true -Xmx1024M -Dfile.encoding=GBK -Duser.country=CN -Duser.language=zh -Duser.variant 
java_command: com.android.dx.command.Main --dex --force-jumbo --num-threads=4 --multi-dex --output D:\AndroidStudioProjects\PierGlass\app\build\intermediates\transforms\dex\debug\folders\1000\5\slice_8 D:\AndroidStudioProjects\PierGlass\app\build\intermediates\transforms\instantRunSlicer\debug\folders\1\5\slice_8
java_class_path (initial): C:\Android\sdk\build-tools\24.0.1\lib\dx.jar
Launcher Type: SUN_STANDARD

Environment Variables:
JAVA_HOME=C:\Program Files\Java\jdk1.8.0_91
CLASSPATH=.;C:\Program Files\Java\jdk1.8.0_91\bin;C:\Program Files\Java\jdk1.8.0_91\lib\dt.jar;C:\Program Files\Java\jdk1.8.0_91\lib\tools.jar
PATH=C:\Program Files\Java\jdk1.8.0_91\bin;C:\Program Files\Java\jdk1.8.0_91\jre\bin;C:\Android\sdk\platform-tools;C:\ProgramData\Oracle\Java\javapath;C:\WINDOWS\system32;C:\WINDOWS;C:\WINDOWS\System32\Wbem;C:\WINDOWS\System32\WindowsPowerShell\v1.0\;C:\Program Files\Git\cmd;C:\Program Files (x86)\apache-maven-3.3.9\bin;C:\Users\admin\AppData\Local\Microsoft\WindowsApps;
USERNAME=admin
OS=Windows_NT
PROCESSOR_IDENTIFIER=Intel64 Family 6 Model 60 Stepping 3, GenuineIntel



---------------  S Y S T E M  ---------------

OS: Windows 10.0 , 64 bit Build 14393 (10.0.14393.0)

CPU:total 4 (4 cores per cpu, 1 threads per core) family 6 model 60 stepping 3, cmov, cx8, fxsr, mmx, sse, sse2, sse3, ssse3, sse4.1, sse4.2, popcnt, avx, avx2, aes, clmul, erms, lzcnt, tsc, tscinvbit, bmi1, bmi2

Memory: 4k page, physical 8286104k(2078008k free), swap 8286104k(6168k free)

vm_info: Java HotSpot(TM) 64-Bit Server VM (25.91-b14) for windows-amd64 JRE (1.8.0_91-b14), built on Apr  1 2016 00:58:32 by "java_re" with MS VC++ 10.0 (VS2010)

time: Tue Sep 27 10:35:26 2016
elapsed time: 0 seconds (0d 0h 0m 0s)

