#
# There is insufficient memory for the Java Runtime Environment to continue.
# Native memory allocation (malloc) failed to allocate 541616 bytes for Chunk::new
# Possible reasons:
#   The system is out of physical RAM or swap space
#   In 32 bit mode, the process size limit was hit
# Possible solutions:
#   Reduce memory load on the system
#   Increase physical memory or swap space
#   Check if swap backing store is full
#   Use 64 bit Java on a 64 bit OS
#   Decrease Java heap size (-Xmx/-Xms)
#   Decrease number of Java threads
#   Decrease Java thread stack sizes (-Xss)
#   Set larger code cache with -XX:ReservedCodeCacheSize=
# This output file may be truncated or incomplete.
#
#  Out of Memory Error (allocation.cpp:390), pid=4952, tid=11956
#
# JRE version: Java(TM) SE Runtime Environment (8.0_91-b14) (build 1.8.0_91-b14)
# Java VM: Java HotSpot(TM) 64-Bit Server VM (25.91-b14 mixed mode windows-amd64 compressed oops)
# Failed to write core dump. Minidumps are not enabled by default on client versions of Windows
#

---------------  T H R E A D  ---------------

Current thread (0x00000000157ea000):  JavaThread "C2 CompilerThread0" daemon [_thread_in_native, id=11956, stack(0x00000000170e0000,0x00000000171e0000)]

Stack: [0x00000000170e0000,0x00000000171e0000]
[error occurred during error reporting (printing stack bounds), id 0xc0000005]

Native frames: (J=compiled Java code, j=interpreted, Vv=VM code, C=native code)


Current CompileTask:
C2:   1678  642       4       com.android.dx.ssa.SsaBasicBlock::forEachInsn (37 bytes)


---------------  P R O C E S S  ---------------

Java Threads: ( => current thread )
  0x0000000016d79800 JavaThread "pool-2-thread-4" [_thread_in_Java, id=10372, stack(0x00000000179e0000,0x0000000017ae0000)]
  0x0000000016d79000 JavaThread "pool-2-thread-3" [_thread_in_Java, id=12072, stack(0x00000000178e0000,0x00000000179e0000)]
  0x0000000016d78800 JavaThread "pool-2-thread-2" [_thread_blocked, id=11132, stack(0x00000000177e0000,0x00000000178e0000)]
  0x0000000016d4b000 JavaThread "pool-3-thread-1" [_thread_blocked, id=5220, stack(0x00000000176e0000,0x00000000177e0000)]
  0x0000000016d4a800 JavaThread "pool-2-thread-1" [_thread_blocked, id=10784, stack(0x00000000175e0000,0x00000000176e0000)]
  0x0000000016b3b800 JavaThread "Service Thread" daemon [_thread_blocked, id=7232, stack(0x00000000173e0000,0x00000000174e0000)]
  0x0000000016b38000 JavaThread "C1 CompilerThread2" daemon [_thread_in_vm, id=11772, stack(0x00000000172e0000,0x00000000173e0000)]
  0x0000000016b35800 JavaThread "C2 CompilerThread1" daemon [_thread_in_native, id=2932, stack(0x00000000171e0000,0x00000000172e0000)]
=>0x00000000157ea000 JavaThread "C2 CompilerThread0" daemon [_thread_in_native, id=11956, stack(0x00000000170e0000,0x00000000171e0000)]
  0x00000000157e9800 JavaThread "Attach Listener" daemon [_thread_blocked, id=11356, stack(0x0000000016fe0000,0x00000000170e0000)]
  0x0000000016ae8800 JavaThread "Signal Dispatcher" daemon [_thread_blocked, id=9604, stack(0x0000000016ee0000,0x0000000016fe0000)]
  0x000000001577a800 JavaThread "Finalizer" daemon [_thread_blocked, id=5688, stack(0x00000000169e0000,0x0000000016ae0000)]
  0x00000000030af000 JavaThread "Reference Handler" daemon [_thread_blocked, id=10488, stack(0x00000000168e0000,0x00000000169e0000)]
  0x0000000002fc1000 JavaThread "main" [_thread_blocked, id=3552, stack(0x0000000002ec0000,0x0000000002fc0000)]

Other Threads:
  0x0000000015758000 VMThread [stack: 0x00000000167e0000,0x00000000168e0000] [id=11384]
  0x0000000016b58000 WatcherThread [stack: 0x00000000174e0000,0x00000000175e0000] [id=5684]

VM state:not at safepoint (normal execution)

VM Mutex/Monitor currently owned by a thread:  ([mutex/lock_event])
[0x0000000002ebe1e0] MethodData_lock - owner thread: 0x0000000016d4a800

Heap:
 PSYoungGen      total 38400K, used 18005K [0x00000000eab00000, 0x00000000ed580000, 0x0000000100000000)
  eden space 33280K, 54% used [0x00000000eab00000,0x00000000ebc957a0,0x00000000ecb80000)
  from space 5120K, 0% used [0x00000000ed080000,0x00000000ed080000,0x00000000ed580000)
  to   space 5120K, 0% used [0x00000000ecb80000,0x00000000ecb80000,0x00000000ed080000)
 ParOldGen       total 87552K, used 0K [0x00000000c0000000, 0x00000000c5580000, 0x00000000eab00000)
  object space 87552K, 0% used [0x00000000c0000000,0x00000000c0000000,0x00000000c5580000)
 Metaspace       used 5615K, capacity 6704K, committed 6784K, reserved 1056768K
  class space    used 589K, capacity 616K, committed 640K, reserved 1048576K

Card table byte_map: [0x0000000012480000,0x0000000012690000] byte_map_base: 0x0000000011e80000

Marking Bits: (ParMarkBitMap*) 0x000000006a092f70
 Begin Bits: [0x0000000012bf0000, 0x0000000013bf0000)
 End Bits:   [0x0000000013bf0000, 0x0000000014bf0000)

Polling page: 0x0000000002de0000

CodeCache: size=245760Kb used=2760Kb max_used=2760Kb free=243000Kb
 bounds [0x00000000030c0000, 0x0000000003380000, 0x00000000120c0000]
 total_blobs=916 nmethods=651 adapters=178
 compilation: enabled

Compilation events (10 events):
Event: 1.675 Thread 0x0000000016b38000  616       3       com.android.dx.rop.code.RegisterSpec::<init> (48 bytes)
Event: 1.675 Thread 0x0000000016b38000 nmethod 616 0x00000000033677d0 code [0x0000000003367960, 0x0000000003367d38]
Event: 1.675 Thread 0x0000000016b38000  665       3       com.android.dx.cf.code.LineNumberList::pcToLine (73 bytes)
Event: 1.675 Thread 0x0000000016b38000 nmethod 665 0x0000000003367ed0 code [0x0000000003368060, 0x0000000003368728]
Event: 1.675 Thread 0x0000000016b38000  614   !   3       com.android.dx.ssa.LocalVariableInfo::setStarts (40 bytes)
Event: 1.676 Thread 0x0000000016b38000 nmethod 614 0x0000000003368990 code [0x0000000003368b60, 0x00000000033691e8]
Event: 1.676 Thread 0x0000000016b38000  668       3       com.android.dx.cf.code.Ropper::labelToResultIndex (47 bytes)
Event: 1.676 Thread 0x0000000016b38000 nmethod 668 0x0000000003369550 code [0x0000000003369720, 0x0000000003369db8]
Event: 1.676 Thread 0x0000000016b38000  669       3       com.android.dx.ssa.LocalVariableExtractor::processBlock (383 bytes)
Event: 1.678 Thread 0x0000000016b38000 nmethod 669 0x000000000336a210 code [0x000000000336a700, 0x000000000336ded8]

GC Heap History (0 events):
No events

Deoptimization events (1 events):
Event: 1.656 Thread 0x0000000016d79800 Uncommon trap: reason=unstable_if action=reinterpret pc=0x000000000331b960 method=java.util.HashMap.getNode(ILjava/lang/Object;)Ljava/util/HashMap$Node; @ 129

Internal exceptions (2 events):
Event: 0.072 Thread 0x0000000002fc1000 Exception <a 'java/lang/NoSuchMethodError': Method sun.misc.Unsafe.defineClass(Ljava/lang/String;[BII)Ljava/lang/Class; name or signature does not match> (0x00000000eab07cc0) thrown at [C:\re\workspace\8-2-build-windows-amd64-cygwin\jdk8u91\6644\hotspot\srrô(çg€²?
Event: 0.072 Thread 0x0000000002fc1000 Exception <a 'java/lang/NoSuchMethodError': Method sun.misc.Unsafe.prefetchRead(Ljava/lang/Object;J)V name or signature does not match> (0x00000000eab07fa8) thrown at [C:\re\workspace\8-2-build-windows-amd64-cygwin\jdk8u91\6644\hotspot\src\share\vm\prims\j

Events (10 events):
Event: 1.646 loading class com/android/dx/ssa/back/FirstFitLocalCombiningAllocator$Multiset done
Event: 1.649 loading class com/android/dx/cf/code/Ropper$ExceptionHandlerSetup
Event: 1.649 loading class com/android/dx/cf/code/Ropper$ExceptionHandlerSetup done
Event: 1.656 loading class java/util/HashMap$Values
Event: 1.656 loading class java/util/HashMap$Values done
Event: 1.656 loading class java/util/HashMap$ValueIterator
Event: 1.656 loading class java/util/HashMap$ValueIterator done
Event: 1.656 Thread 0x0000000016d79800 Uncommon trap: trap_request=0xffffff65 fr.pc=0x000000000331b960
Event: 1.656 Thread 0x0000000016d79800 DEOPT PACKING pc=0x000000000331b960 sp=0x0000000017ade780
Event: 1.656 Thread 0x0000000016d79800 DEOPT UNPACKING pc=0x000000000310582a sp=0x0000000017ade708 mode 2


Dynamic libraries:
0x00007ff7a7c90000 - 0x00007ff7a7cc7000 	C:\Program Files\Java\jdk1.8.0_91\bin\java.exe
0x00007ffcfdd00000 - 0x00007ffcfded1000 	C:\WINDOWS\SYSTEM32\ntdll.dll
0x00007ffcfbc70000 - 0x00007ffcfbd1b000 	C:\WINDOWS\System32\KERNEL32.DLL
0x00007ffcfa1f0000 - 0x00007ffcfa40d000 	C:\WINDOWS\System32\KERNELBASE.dll
0x00007ffcfb3b0000 - 0x00007ffcfb452000 	C:\WINDOWS\System32\ADVAPI32.dll
0x00007ffcfc4b0000 - 0x00007ffcfc54e000 	C:\WINDOWS\System32\msvcrt.dll
0x00007ffcfbba0000 - 0x00007ffcfbbf9000 	C:\WINDOWS\System32\sechost.dll
0x00007ffcfbde0000 - 0x00007ffcfbf01000 	C:\WINDOWS\System32\RPCRT4.dll
0x00007ffcfc340000 - 0x00007ffcfc4a5000 	C:\WINDOWS\System32\USER32.dll
0x00007ffcfa980000 - 0x00007ffcfa99e000 	C:\WINDOWS\System32\win32u.dll
0x00007ffcfb4d0000 - 0x00007ffcfb504000 	C:\WINDOWS\System32\GDI32.dll
0x00007ffcfa410000 - 0x00007ffcfa592000 	C:\WINDOWS\System32\gdi32full.dll
0x00007ffcf48e0000 - 0x00007ffcf4b59000 	C:\WINDOWS\WinSxS\amd64_microsoft.windows.common-controls_6595b64144ccf1df_6.0.14393.0_none_2d0f50fcbdb171b8\COMCTL32.dll
0x00007ffcfb8d0000 - 0x00007ffcfbb97000 	C:\WINDOWS\System32\combase.dll
0x00007ffcfb130000 - 0x00007ffcfb225000 	C:\WINDOWS\System32\ucrtbase.dll
0x00007ffcfa910000 - 0x00007ffcfa97a000 	C:\WINDOWS\System32\bcryptPrimitives.dll
0x00007ffcfb290000 - 0x00007ffcfb2be000 	C:\WINDOWS\System32\IMM32.DLL
0x000000006a120000 - 0x000000006a1f2000 	C:\Program Files\Java\jdk1.8.0_91\jre\bin\msvcr100.dll
0x0000000069880000 - 0x000000006a113000 	C:\Program Files\Java\jdk1.8.0_91\jre\bin\server\jvm.dll
0x00007ffcfb510000 - 0x00007ffcfb518000 	C:\WINDOWS\System32\PSAPI.DLL
0x00007ffce44b0000 - 0x00007ffce44b9000 	C:\WINDOWS\SYSTEM32\WSOCK32.dll
0x00007ffcfbc00000 - 0x00007ffcfbc6a000 	C:\WINDOWS\System32\WS2_32.dll
0x00007ffcf8510000 - 0x00007ffcf8533000 	C:\WINDOWS\SYSTEM32\WINMM.dll
0x00007ffcf7190000 - 0x00007ffcf719a000 	C:\WINDOWS\SYSTEM32\VERSION.dll
0x00007ffcf84b0000 - 0x00007ffcf84db000 	C:\WINDOWS\SYSTEM32\WINMMBASE.dll
0x00007ffcfa820000 - 0x00007ffcfa862000 	C:\WINDOWS\System32\cfgmgr32.dll
0x0000000069870000 - 0x000000006987f000 	C:\Program Files\Java\jdk1.8.0_91\jre\bin\verify.dll
0x0000000069840000 - 0x0000000069869000 	C:\Program Files\Java\jdk1.8.0_91\jre\bin\java.dll
0x0000000069820000 - 0x0000000069836000 	C:\Program Files\Java\jdk1.8.0_91\jre\bin\zip.dll
0x00007ffcfc7f0000 - 0x00007ffcfdcf8000 	C:\WINDOWS\System32\SHELL32.dll
0x00007ffcfa9a0000 - 0x00007ffcfb07a000 	C:\WINDOWS\System32\windows.storage.dll
0x00007ffcfa160000 - 0x00007ffcfa1ac000 	C:\WINDOWS\System32\powrprof.dll
0x00007ffcfb470000 - 0x00007ffcfb4c2000 	C:\WINDOWS\System32\shlwapi.dll
0x00007ffcfa1e0000 - 0x00007ffcfa1ef000 	C:\WINDOWS\System32\kernel.appcore.dll
0x00007ffcfb080000 - 0x00007ffcfb129000 	C:\WINDOWS\System32\shcore.dll
0x00007ffcfa1b0000 - 0x00007ffcfa1c4000 	C:\WINDOWS\System32\profapi.dll

VM Arguments:
jvm_args: -Djava.awt.headless=true -Xmx1024M -Dfile.encoding=GBK -Duser.country=CN -Duser.language=zh -Duser.variant 
java_command: com.android.dx.command.Main --dex --force-jumbo --num-threads=4 --multi-dex --output D:\AndroidStudioProjects\PierGlass\app\build\intermediates\transforms\dex\debug\folders\1000\10\com.android.support-support-media-compat-24.2.1_d7f5788f81804e9753745a2d4adab63f0a11c578 D:\AndroidStudioProjects\PierGlass\app\build\intermediates\exploded-aar\com.android.support\support-media-compat\24.2.1\jars\classes.jar
java_class_path (initial): C:\Android\sdk\build-tools\24.0.1\lib\dx.jar
Launcher Type: SUN_STANDARD

Environment Variables:
JAVA_HOME=C:\Program Files\Java\jdk1.8.0_91
CLASSPATH=.;C:\Program Files\Java\jdk1.8.0_91\bin;C:\Program Files\Java\jdk1.8.0_91\lib\dt.jar;C:\Program Files\Java\jdk1.8.0_91\lib\tools.jar
PATH=C:\Program Files\Java\jdk1.8.0_91\bin;C:\Program Files\Java\jdk1.8.0_91\jre\bin;C:\Android\sdk\platform-tools;C:\ProgramData\Oracle\Java\javapath;C:\WINDOWS\system32;C:\WINDOWS;C:\WINDOWS\System32\Wbem;C:\WINDOWS\System32\WindowsPowerShell\v1.0\;C:\Program Files\Git\cmd;C:\Program Files (x86)\apache-maven-3.3.9\bin;C:\Users\admin\AppData\Local\Microsoft\WindowsApps;
USERNAME=admin
OS=Windows_NT
PROCESSOR_IDENTIFIER=Intel64 Family 6 Model 60 Stepping 3, GenuineIntel



---------------  S Y S T E M  ---------------

OS: Windows 10.0 , 64 bit Build 14393 (10.0.14393.0)

CPU:total 4 (4 cores per cpu, 1 threads per core) family 6 model 60 stepping 3, cmov, cx8, fxsr, mmx, sse, sse2, sse3, ssse3, sse4.1, sse4.2, popcnt, avx, avx2, aes, clmul, erms, lzcnt, tsc, tscinvbit, bmi1, bmi2

Memory: 4k page, physical 8286104k(1571512k free), swap 8286104k(5404k free)

vm_info: Java HotSpot(TM) 64-Bit Server VM (25.91-b14) for windows-amd64 JRE (1.8.0_91-b14), built on Apr  1 2016 00:58:32 by "java_re" with MS VC++ 10.0 (VS2010)

time: Tue Sep 27 10:36:55 2016
elapsed time: 1 seconds (0d 0h 0m 1s)

