#
# There is insufficient memory for the Java Runtime Environment to continue.
# Native memory allocation (malloc) failed to allocate 407216 bytes for Chunk::new
# Possible reasons:
#   The system is out of physical RAM or swap space
#   In 32 bit mode, the process size limit was hit
# Possible solutions:
#   Reduce memory load on the system
#   Increase physical memory or swap space
#   Check if swap backing store is full
#   Use 64 bit Java on a 64 bit OS
#   Decrease Java heap size (-Xmx/-Xms)
#   Decrease number of Java threads
#   Decrease Java thread stack sizes (-Xss)
#   Set larger code cache with -XX:ReservedCodeCacheSize=
# This output file may be truncated or incomplete.
#
#  Out of Memory Error (allocation.cpp:390), pid=2288, tid=11224
#
# JRE version: Java(TM) SE Runtime Environment (8.0_91-b14) (build 1.8.0_91-b14)
# Java VM: Java HotSpot(TM) 64-Bit Server VM (25.91-b14 mixed mode windows-amd64 compressed oops)
# Failed to write core dump. Minidumps are not enabled by default on client versions of Windows
#

---------------  T H R E A D  ---------------

Current thread (0x0000000014c8a000):  JavaThread "C2 CompilerThread0" daemon [_thread_in_native, id=11224, stack(0x0000000016600000,0x0000000016700000)]

Stack: [0x0000000016600000,0x0000000016700000]
[error occurred during error reporting (printing stack bounds), id 0xc0000005]

Native frames: (J=compiled Java code, j=interpreted, Vv=VM code, C=native code)


Current CompileTask:
C2:   1663  581       4       com.android.dx.ssa.NormalSsaInsn::accept (25 bytes)


---------------  P R O C E S S  ---------------

Java Threads: ( => current thread )
  0x0000000016279000 JavaThread "pool-2-thread-4" [_thread_in_Java, id=5652, stack(0x0000000016f00000,0x0000000017000000)]
  0x000000001626e800 JavaThread "pool-2-thread-3" [_thread_blocked, id=1008, stack(0x0000000016e00000,0x0000000016f00000)]
  0x0000000016274800 JavaThread "pool-2-thread-2" [_thread_blocked, id=6080, stack(0x0000000016d00000,0x0000000016e00000)]
  0x000000001619e800 JavaThread "pool-3-thread-1" [_thread_blocked, id=6028, stack(0x0000000016c00000,0x0000000016d00000)]
  0x000000001619e000 JavaThread "pool-2-thread-1" [_thread_blocked, id=5996, stack(0x0000000016b00000,0x0000000016c00000)]
  0x0000000016061800 JavaThread "Service Thread" daemon [_thread_blocked, id=9516, stack(0x0000000016900000,0x0000000016a00000)]
  0x000000001605b800 JavaThread "C1 CompilerThread2" daemon [_thread_in_native, id=10460, stack(0x0000000016800000,0x0000000016900000)]
  0x0000000016059000 JavaThread "C2 CompilerThread1" daemon [_thread_in_native, id=5460, stack(0x0000000016700000,0x0000000016800000)]
=>0x0000000014c8a000 JavaThread "C2 CompilerThread0" daemon [_thread_in_native, id=11224, stack(0x0000000016600000,0x0000000016700000)]
  0x0000000014c89800 JavaThread "Attach Listener" daemon [_thread_blocked, id=11612, stack(0x0000000016500000,0x0000000016600000)]
  0x0000000016008800 JavaThread "Signal Dispatcher" daemon [_thread_blocked, id=10496, stack(0x0000000016400000,0x0000000016500000)]
  0x0000000014c1a800 JavaThread "Finalizer" daemon [_thread_blocked, id=6060, stack(0x0000000015e90000,0x0000000015f90000)]
  0x000000000251f000 JavaThread "Reference Handler" daemon [_thread_blocked, id=6040, stack(0x0000000015d90000,0x0000000015e90000)]
  0x0000000002431000 JavaThread "main" [_thread_blocked, id=6036, stack(0x0000000002210000,0x0000000002310000)]

Other Threads:
  0x0000000014bf8000 VMThread [stack: 0x0000000015c90000,0x0000000015d90000] [id=5668]
  0x00000000160e6000 WatcherThread [stack: 0x0000000016a00000,0x0000000016b00000] [id=10588]

VM state:not at safepoint (normal execution)

VM Mutex/Monitor currently owned by a thread: None

Heap:
 PSYoungGen      total 38400K, used 12913K [0x00000000eab00000, 0x00000000ed580000, 0x0000000100000000)
  eden space 33280K, 38% used [0x00000000eab00000,0x00000000eb79c460,0x00000000ecb80000)
  from space 5120K, 0% used [0x00000000ed080000,0x00000000ed080000,0x00000000ed580000)
  to   space 5120K, 0% used [0x00000000ecb80000,0x00000000ecb80000,0x00000000ed080000)
 ParOldGen       total 87552K, used 0K [0x00000000c0000000, 0x00000000c5580000, 0x00000000eab00000)
  object space 87552K, 0% used [0x00000000c0000000,0x00000000c0000000,0x00000000c5580000)
 Metaspace       used 5512K, capacity 6576K, committed 6784K, reserved 1056768K
  class space    used 579K, capacity 616K, committed 640K, reserved 1048576K

Card table byte_map: [0x0000000011900000,0x0000000011b10000] byte_map_base: 0x0000000011300000

Marking Bits: (ParMarkBitMap*) 0x000000006a092f70
 Begin Bits: [0x0000000012070000, 0x0000000013070000)
 End Bits:   [0x0000000013070000, 0x0000000014070000)

Polling page: 0x0000000002410000

CodeCache: size=245760Kb used=2569Kb max_used=2569Kb free=243190Kb
 bounds [0x0000000002540000, 0x00000000027d0000, 0x0000000011540000]
 total_blobs=865 nmethods=601 adapters=177
 compilation: enabled

Compilation events (10 events):
Event: 1.587 Thread 0x000000001605b800 nmethod 592 0x00000000027ae410 code [0x00000000027ae560, 0x00000000027ae6b0]
Event: 1.587 Thread 0x000000001605b800  593       3       com.android.dx.util.BitIntSet::has (28 bytes)
Event: 1.661 Thread 0x000000001605b800 nmethod 593 0x00000000027b8490 code [0x00000000027b8600, 0x00000000027b8930]
Event: 1.661 Thread 0x000000001605b800  594       3       com.android.dx.util.BitIntSet::iterator (9 bytes)
Event: 1.661 Thread 0x000000001605b800 nmethod 594 0x00000000027b8a90 code [0x00000000027b8c00, 0x00000000027b8ec8]
Event: 1.661 Thread 0x000000001605b800  602       3       java.util.ArrayList::subList (22 bytes)
Event: 1.661 Thread 0x000000001605b800 nmethod 602 0x00000000027b9010 code [0x00000000027b9180, 0x00000000027b93d8]
Event: 1.661 Thread 0x000000001605b800  603       3       java.util.ArrayList::subListRangeCheck (110 bytes)
Event: 1.662 Thread 0x000000001605b800 nmethod 603 0x00000000027b94d0 code [0x00000000027b9800, 0x00000000027bb148]
Event: 1.662 Thread 0x000000001605b800  608       3       com.android.dx.ssa.SCCP::simulateBranch (666 bytes)

GC Heap History (0 events):
No events

Deoptimization events (1 events):
Event: 1.512 Thread 0x0000000016274800 Uncommon trap: reason=unstable_if action=reinterpret pc=0x0000000002728cfc method=java.util.HashMap.getNode(ILjava/lang/Object;)Ljava/util/HashMap$Node; @ 62

Internal exceptions (2 events):
Event: 0.619 Thread 0x0000000002431000 Exception <a 'java/lang/NoSuchMethodError': Method sun.misc.Unsafe.defineClass(Ljava/lang/String;[BII)Ljava/lang/Class; name or signature does not match> (0x00000000eab07cc0) thrown at [C:\re\workspace\8-2-build-windows-amd64-cygwin\jdk8u91\6644\hotspot\sr°&£a”„?
Event: 0.620 Thread 0x0000000002431000 Exception <a 'java/lang/NoSuchMethodError': Method sun.misc.Unsafe.prefetchRead(Ljava/lang/Object;J)V name or signature does not match> (0x00000000eab07fa8) thrown at [C:\re\workspace\8-2-build-windows-amd64-cygwin\jdk8u91\6644\hotspot\src\share\vm\prims\j

Events (10 events):
Event: 1.544 loading class com/android/dx/rop/annotation/AnnotationsList
Event: 1.544 loading class com/android/dx/rop/annotation/AnnotationsList done
Event: 1.548 loading class com/android/dx/cf/code/SwitchList
Event: 1.548 loading class com/android/dx/cf/code/SwitchList done
Event: 1.554 loading class com/android/dx/ssa/back/FirstFitLocalCombiningAllocator$Multiset
Event: 1.554 loading class com/android/dx/ssa/back/FirstFitLocalCombiningAllocator$Multiset done
Event: 1.555 loading class java/util/DualPivotQuicksort
Event: 1.555 loading class java/util/DualPivotQuicksort done
Event: 1.587 Executing VM operation: ForceSafepoint
Event: 1.660 Executing VM operation: ForceSafepoint done


Dynamic libraries:
0x00007ff7a7c90000 - 0x00007ff7a7cc7000 	C:\Program Files\Java\jdk1.8.0_91\bin\java.exe
0x00007ffcfdd00000 - 0x00007ffcfded1000 	C:\WINDOWS\SYSTEM32\ntdll.dll
0x00007ffcfbc70000 - 0x00007ffcfbd1b000 	C:\WINDOWS\System32\KERNEL32.DLL
0x00007ffcfa1f0000 - 0x00007ffcfa40d000 	C:\WINDOWS\System32\KERNELBASE.dll
0x00007ffcfb3b0000 - 0x00007ffcfb452000 	C:\WINDOWS\System32\ADVAPI32.dll
0x00007ffcfc4b0000 - 0x00007ffcfc54e000 	C:\WINDOWS\System32\msvcrt.dll
0x00007ffcfbba0000 - 0x00007ffcfbbf9000 	C:\WINDOWS\System32\sechost.dll
0x00007ffcfbde0000 - 0x00007ffcfbf01000 	C:\WINDOWS\System32\RPCRT4.dll
0x00007ffcfc340000 - 0x00007ffcfc4a5000 	C:\WINDOWS\System32\USER32.dll
0x00007ffcfa980000 - 0x00007ffcfa99e000 	C:\WINDOWS\System32\win32u.dll
0x00007ffcfb4d0000 - 0x00007ffcfb504000 	C:\WINDOWS\System32\GDI32.dll
0x00007ffcfa410000 - 0x00007ffcfa592000 	C:\WINDOWS\System32\gdi32full.dll
0x00007ffcf48e0000 - 0x00007ffcf4b59000 	C:\WINDOWS\WinSxS\amd64_microsoft.windows.common-controls_6595b64144ccf1df_6.0.14393.0_none_2d0f50fcbdb171b8\COMCTL32.dll
0x00007ffcfb8d0000 - 0x00007ffcfbb97000 	C:\WINDOWS\System32\combase.dll
0x00007ffcfb130000 - 0x00007ffcfb225000 	C:\WINDOWS\System32\ucrtbase.dll
0x00007ffcfa910000 - 0x00007ffcfa97a000 	C:\WINDOWS\System32\bcryptPrimitives.dll
0x00007ffcfb290000 - 0x00007ffcfb2be000 	C:\WINDOWS\System32\IMM32.DLL
0x000000006a120000 - 0x000000006a1f2000 	C:\Program Files\Java\jdk1.8.0_91\jre\bin\msvcr100.dll
0x0000000069880000 - 0x000000006a113000 	C:\Program Files\Java\jdk1.8.0_91\jre\bin\server\jvm.dll
0x00007ffcfb510000 - 0x00007ffcfb518000 	C:\WINDOWS\System32\PSAPI.DLL
0x00007ffce44b0000 - 0x00007ffce44b9000 	C:\WINDOWS\SYSTEM32\WSOCK32.dll
0x00007ffcfbc00000 - 0x00007ffcfbc6a000 	C:\WINDOWS\System32\WS2_32.dll
0x00007ffcf8510000 - 0x00007ffcf8533000 	C:\WINDOWS\SYSTEM32\WINMM.dll
0x00007ffcf7190000 - 0x00007ffcf719a000 	C:\WINDOWS\SYSTEM32\VERSION.dll
0x00007ffcf84b0000 - 0x00007ffcf84db000 	C:\WINDOWS\SYSTEM32\WINMMBASE.dll
0x00007ffcfa820000 - 0x00007ffcfa862000 	C:\WINDOWS\System32\cfgmgr32.dll
0x0000000069870000 - 0x000000006987f000 	C:\Program Files\Java\jdk1.8.0_91\jre\bin\verify.dll
0x0000000069840000 - 0x0000000069869000 	C:\Program Files\Java\jdk1.8.0_91\jre\bin\java.dll
0x0000000069820000 - 0x0000000069836000 	C:\Program Files\Java\jdk1.8.0_91\jre\bin\zip.dll
0x00007ffcfc7f0000 - 0x00007ffcfdcf8000 	C:\WINDOWS\System32\SHELL32.dll
0x00007ffcfa9a0000 - 0x00007ffcfb07a000 	C:\WINDOWS\System32\windows.storage.dll
0x00007ffcfa160000 - 0x00007ffcfa1ac000 	C:\WINDOWS\System32\powrprof.dll
0x00007ffcfb470000 - 0x00007ffcfb4c2000 	C:\WINDOWS\System32\shlwapi.dll
0x00007ffcfa1e0000 - 0x00007ffcfa1ef000 	C:\WINDOWS\System32\kernel.appcore.dll
0x00007ffcfb080000 - 0x00007ffcfb129000 	C:\WINDOWS\System32\shcore.dll
0x00007ffcfa1b0000 - 0x00007ffcfa1c4000 	C:\WINDOWS\System32\profapi.dll

VM Arguments:
jvm_args: -Djava.awt.headless=true -Xmx1024M -Dfile.encoding=GBK -Duser.country=CN -Duser.language=zh -Duser.variant 
java_command: com.android.dx.command.Main --dex --force-jumbo --num-threads=4 --multi-dex --output D:\AndroidStudioProjects\PierGlass\app\build\intermediates\transforms\dex\debug\folders\1000\5\slice_5 D:\AndroidStudioProjects\PierGlass\app\build\intermediates\transforms\instantRunSlicer\debug\folders\1\5\slice_5
java_class_path (initial): C:\Android\sdk\build-tools\24.0.1\lib\dx.jar
Launcher Type: SUN_STANDARD

Environment Variables:
JAVA_HOME=C:\Program Files\Java\jdk1.8.0_91
CLASSPATH=.;C:\Program Files\Java\jdk1.8.0_91\bin;C:\Program Files\Java\jdk1.8.0_91\lib\dt.jar;C:\Program Files\Java\jdk1.8.0_91\lib\tools.jar
PATH=C:\Program Files\Java\jdk1.8.0_91\bin;C:\Program Files\Java\jdk1.8.0_91\jre\bin;C:\Android\sdk\platform-tools;C:\ProgramData\Oracle\Java\javapath;C:\WINDOWS\system32;C:\WINDOWS;C:\WINDOWS\System32\Wbem;C:\WINDOWS\System32\WindowsPowerShell\v1.0\;C:\Program Files\Git\cmd;C:\Program Files (x86)\apache-maven-3.3.9\bin;C:\Users\admin\AppData\Local\Microsoft\WindowsApps;
USERNAME=admin
OS=Windows_NT
PROCESSOR_IDENTIFIER=Intel64 Family 6 Model 60 Stepping 3, GenuineIntel



---------------  S Y S T E M  ---------------

OS: Windows 10.0 , 64 bit Build 14393 (10.0.14393.0)

CPU:total 4 (4 cores per cpu, 1 threads per core) family 6 model 60 stepping 3, cmov, cx8, fxsr, mmx, sse, sse2, sse3, ssse3, sse4.1, sse4.2, popcnt, avx, avx2, aes, clmul, erms, lzcnt, tsc, tscinvbit, bmi1, bmi2

Memory: 4k page, physical 8286104k(1565080k free), swap 8286104k(4780k free)

vm_info: Java HotSpot(TM) 64-Bit Server VM (25.91-b14) for windows-amd64 JRE (1.8.0_91-b14), built on Apr  1 2016 00:58:32 by "java_re" with MS VC++ 10.0 (VS2010)

time: Tue Sep 27 10:36:55 2016
elapsed time: 1 seconds (0d 0h 0m 1s)

