#
# There is insufficient memory for the Java Runtime Environment to continue.
# Native memory allocation (malloc) failed to allocate 1828816 bytes for Chunk::new
# Possible reasons:
#   The system is out of physical RAM or swap space
#   In 32 bit mode, the process size limit was hit
# Possible solutions:
#   Reduce memory load on the system
#   Increase physical memory or swap space
#   Check if swap backing store is full
#   Use 64 bit Java on a 64 bit OS
#   Decrease Java heap size (-Xmx/-Xms)
#   Decrease number of Java threads
#   Decrease Java thread stack sizes (-Xss)
#   Set larger code cache with -XX:ReservedCodeCacheSize=
# This output file may be truncated or incomplete.
#
#  Out of Memory Error (allocation.cpp:390), pid=11372, tid=11020
#
# JRE version: Java(TM) SE Runtime Environment (8.0_91-b14) (build 1.8.0_91-b14)
# Java VM: Java HotSpot(TM) 64-Bit Server VM (25.91-b14 mixed mode windows-amd64 compressed oops)
# Failed to write core dump. Minidumps are not enabled by default on client versions of Windows
#

---------------  T H R E A D  ---------------

Current thread (0x000000001560e000):  JavaThread "C2 CompilerThread1" daemon [_thread_in_native, id=11020, stack(0x0000000017000000,0x0000000017100000)]

Stack: [0x0000000017000000,0x0000000017100000]
[error occurred during error reporting (printing stack bounds), id 0xc0000005]

Native frames: (J=compiled Java code, j=interpreted, Vv=VM code, C=native code)


Current CompileTask:
C2:   3539 1651       4       com.android.dx.cf.code.Simulator$SimVisitor::visitConstant (332 bytes)


---------------  P R O C E S S  ---------------

Java Threads: ( => current thread )
  0x0000000016b7c000 JavaThread "pool-1-thread-1" [_thread_new, id=1384, stack(0x0000000000000000,0x0000000000000000)]
  0x000000001695f000 JavaThread "Service Thread" daemon [_thread_blocked, id=5332, stack(0x0000000017200000,0x0000000017300000)]
  0x0000000016958800 JavaThread "C1 CompilerThread2" daemon [_thread_blocked, id=10004, stack(0x0000000017100000,0x0000000017200000)]
=>0x000000001560e000 JavaThread "C2 CompilerThread1" daemon [_thread_in_native, id=11020, stack(0x0000000017000000,0x0000000017100000)]
  0x000000001560a000 JavaThread "C2 CompilerThread0" daemon [_thread_blocked, id=1328, stack(0x0000000016f00000,0x0000000017000000)]
  0x0000000015608000 JavaThread "Attach Listener" daemon [_thread_blocked, id=11952, stack(0x0000000016e00000,0x0000000016f00000)]
  0x00000000155bd800 JavaThread "Signal Dispatcher" daemon [_thread_blocked, id=10988, stack(0x0000000016d00000,0x0000000016e00000)]
  0x000000001559a800 JavaThread "Finalizer" daemon [_thread_blocked, id=10964, stack(0x0000000016800000,0x0000000016900000)]
  0x0000000002ecf000 JavaThread "Reference Handler" daemon [_thread_blocked, id=11224, stack(0x0000000016700000,0x0000000016800000)]
  0x0000000002de1000 JavaThread "main" [_thread_blocked, id=3268, stack(0x0000000002af0000,0x0000000002bf0000)]

Other Threads:
  0x0000000015578000 VMThread [stack: 0x0000000016600000,0x0000000016700000] [id=10252]
  0x0000000016978000 WatcherThread [stack: 0x0000000017300000,0x0000000017400000] [id=10040]

VM state:not at safepoint (normal execution)

VM Mutex/Monitor currently owned by a thread: None

Heap:
 PSYoungGen      total 38400K, used 6439K [0x00000000eab00000, 0x00000000ef600000, 0x0000000100000000)
  eden space 33280K, 4% used [0x00000000eab00000,0x00000000eac518d8,0x00000000ecb80000)
  from space 5120K, 99% used [0x00000000ecb80000,0x00000000ed078650,0x00000000ed080000)
  to   space 5120K, 0% used [0x00000000ef100000,0x00000000ef100000,0x00000000ef600000)
 ParOldGen       total 87552K, used 11382K [0x00000000c0000000, 0x00000000c5580000, 0x00000000eab00000)
  object space 87552K, 13% used [0x00000000c0000000,0x00000000c0b1da70,0x00000000c5580000)
 Metaspace       used 6195K, capacity 7152K, committed 7296K, reserved 1056768K
  class space    used 595K, capacity 616K, committed 640K, reserved 1048576K

Card table byte_map: [0x00000000122a0000,0x00000000124b0000] byte_map_base: 0x0000000011ca0000

Marking Bits: (ParMarkBitMap*) 0x000000006a092f70
 Begin Bits: [0x0000000012a10000, 0x0000000013a10000)
 End Bits:   [0x0000000013a10000, 0x0000000014a10000)

Polling page: 0x0000000000f70000

CodeCache: size=245760Kb used=6786Kb max_used=6809Kb free=238973Kb
 bounds [0x0000000002ee0000, 0x00000000035a0000, 0x0000000011ee0000]
 total_blobs=1948 nmethods=1682 adapters=178
 compilation: enabled

Compilation events (10 events):
Event: 3.226 Thread 0x000000001560a000 1659   !   4       com.android.dx.cf.code.BaseMachine::arg (36 bytes)
Event: 3.227 Thread 0x000000001560a000 nmethod 1659 0x000000000355b6d0 code [0x000000000355b800, 0x000000000355b8b8]
Event: 3.227 Thread 0x000000001560a000 1664       4       com.android.dx.rop.code.ThrowingCstInsn::withNewRegisters (25 bytes)
Event: 3.228 Thread 0x000000001560a000 nmethod 1664 0x000000000355e9d0 code [0x000000000355eb20, 0x000000000355ed58]
Event: 3.228 Thread 0x000000001560a000 1656       4       com.android.dx.dex.code.RopToDop::dopFor (792 bytes)
Event: 3.330 Thread 0x000000001560e000 nmethod 1344 0x0000000003573550 code [0x0000000003574ea0, 0x000000000357f468]
Event: 3.330 Thread 0x000000001560e000 1651       4       com.android.dx.cf.code.Simulator$SimVisitor::visitConstant (332 bytes)
Event: 3.338 Thread 0x000000001560a000 nmethod 1656 0x000000000358b350 code [0x000000000358bae0, 0x0000000003590ab0]
Event: 3.343 Thread 0x0000000016958800 1695       3       java.util.concurrent.FutureTask::get (23 bytes)
Event: 3.343 Thread 0x0000000016958800 nmethod 1695 0x000000000355e590 code [0x000000000355e700, 0x000000000355e918]

GC Heap History (6 events):
Event: 2.325 GC heap before
{Heap before GC invocations=1 (full 0):
 PSYoungGen      total 38400K, used 33280K [0x00000000eab00000, 0x00000000ed580000, 0x0000000100000000)
  eden space 33280K, 100% used [0x00000000eab00000,0x00000000ecb80000,0x00000000ecb80000)
  from space 5120K, 0% used [0x00000000ed080000,0x00000000ed080000,0x00000000ed580000)
  to   space 5120K, 0% used [0x00000000ecb80000,0x00000000ecb80000,0x00000000ed080000)
 ParOldGen       total 87552K, used 0K [0x00000000c0000000, 0x00000000c5580000, 0x00000000eab00000)
  object space 87552K, 0% used [0x00000000c0000000,0x00000000c0000000,0x00000000c5580000)
 Metaspace       used 5921K, capacity 6960K, committed 7040K, reserved 1056768K
  class space    used 590K, capacity 616K, committed 640K, reserved 1048576K
Event: 2.331 GC heap after
Heap after GC invocations=1 (full 0):
 PSYoungGen      total 38400K, used 5119K [0x00000000eab00000, 0x00000000ed580000, 0x0000000100000000)
  eden space 33280K, 0% used [0x00000000eab00000,0x00000000eab00000,0x00000000ecb80000)
  from space 5120K, 99% used [0x00000000ecb80000,0x00000000ed07fca8,0x00000000ed080000)
  to   space 5120K, 0% used [0x00000000ed080000,0x00000000ed080000,0x00000000ed580000)
 ParOldGen       total 87552K, used 1495K [0x00000000c0000000, 0x00000000c5580000, 0x00000000eab00000)
  object space 87552K, 1% used [0x00000000c0000000,0x00000000c0175d58,0x00000000c5580000)
 Metaspace       used 5921K, capacity 6960K, committed 7040K, reserved 1056768K
  class space    used 590K, capacity 616K, committed 640K, reserved 1048576K
}
Event: 2.624 GC heap before
{Heap before GC invocations=2 (full 0):
 PSYoungGen      total 38400K, used 38399K [0x00000000eab00000, 0x00000000ed580000, 0x0000000100000000)
  eden space 33280K, 100% used [0x00000000eab00000,0x00000000ecb80000,0x00000000ecb80000)
  from space 5120K, 99% used [0x00000000ecb80000,0x00000000ed07fca8,0x00000000ed080000)
  to   space 5120K, 0% used [0x00000000ed080000,0x00000000ed080000,0x00000000ed580000)
 ParOldGen       total 87552K, used 1495K [0x00000000c0000000, 0x00000000c5580000, 0x00000000eab00000)
  object space 87552K, 1% used [0x00000000c0000000,0x00000000c0175d58,0x00000000c5580000)
 Metaspace       used 6084K, capacity 7088K, committed 7296K, reserved 1056768K
  class space    used 592K, capacity 616K, committed 640K, reserved 1048576K
Event: 2.699 GC heap after
Heap after GC invocations=2 (full 0):
 PSYoungGen      total 38400K, used 5119K [0x00000000eab00000, 0x00000000ef600000, 0x0000000100000000)
  eden space 33280K, 0% used [0x00000000eab00000,0x00000000eab00000,0x00000000ecb80000)
  from space 5120K, 99% used [0x00000000ed080000,0x00000000ed57fc88,0x00000000ed580000)
  to   space 5120K, 0% used [0x00000000ecb80000,0x00000000ecb80000,0x00000000ed080000)
 ParOldGen       total 87552K, used 6522K [0x00000000c0000000, 0x00000000c5580000, 0x00000000eab00000)
  object space 87552K, 7% used [0x00000000c0000000,0x00000000c065eb80,0x00000000c5580000)
 Metaspace       used 6084K, capacity 7088K, committed 7296K, reserved 1056768K
  class space    used 592K, capacity 616K, committed 640K, reserved 1048576K
}
Event: 3.083 GC heap before
{Heap before GC invocations=3 (full 0):
 PSYoungGen      total 38400K, used 38399K [0x00000000eab00000, 0x00000000ef600000, 0x0000000100000000)
  eden space 33280K, 100% used [0x00000000eab00000,0x00000000ecb80000,0x00000000ecb80000)
  from space 5120K, 99% used [0x00000000ed080000,0x00000000ed57fc88,0x00000000ed580000)
  to   space 5120K, 0% used [0x00000000ecb80000,0x00000000ecb80000,0x00000000ed080000)
 ParOldGen       total 87552K, used 6522K [0x00000000c0000000, 0x00000000c5580000, 0x00000000eab00000)
  object space 87552K, 7% used [0x00000000c0000000,0x00000000c065eb80,0x00000000c5580000)
 Metaspace       used 6186K, capacity 7152K, committed 7296K, reserved 1056768K
  class space    used 594K, capacity 616K, committed 640K, reserved 1048576K
Event: 3.098 GC heap after
Heap after GC invocations=3 (full 0):
 PSYoungGen      total 38400K, used 5089K [0x00000000eab00000, 0x00000000ef600000, 0x0000000100000000)
  eden space 33280K, 0% used [0x00000000eab00000,0x00000000eab00000,0x00000000ecb80000)
  from space 5120K, 99% used [0x00000000ecb80000,0x00000000ed078650,0x00000000ed080000)
  to   space 5120K, 0% used [0x00000000ef100000,0x00000000ef100000,0x00000000ef600000)
 ParOldGen       total 87552K, used 11382K [0x00000000c0000000, 0x00000000c5580000, 0x00000000eab00000)
  object space 87552K, 13% used [0x00000000c0000000,0x00000000c0b1da70,0x00000000c5580000)
 Metaspace       used 6186K, capacity 7152K, committed 7296K, reserved 1056768K
  class space    used 594K, capacity 616K, committed 640K, reserved 1048576K
}

Deoptimization events (10 events):
Event: 2.368 Thread 0x0000000002de1000 Uncommon trap: reason=unloaded action=reinterpret pc=0x00000000033f1f68 method=com.android.dx.cf.cst.ConstantPoolParser.parse0(ILjava/util/BitSet;)Lcom/android/dx/rop/cst/Constant; @ 198
Event: 2.371 Thread 0x0000000016b73800 Uncommon trap: reason=unstable_if action=reinterpret pc=0x00000000031a97ac method=com.android.dx.rop.code.RegisterSpecSet.put(Lcom/android/dx/rop/code/RegisterSpec;)V @ 77
Event: 2.371 Thread 0x0000000016b73800 Uncommon trap: reason=unstable_if action=reinterpret pc=0x00000000031fba58 method=com.android.dx.rop.code.RegisterSpecSet.put(Lcom/android/dx/rop/code/RegisterSpec;)V @ 77
Event: 2.540 Thread 0x0000000016b8a000 Uncommon trap: reason=unstable_if action=reinterpret pc=0x00000000033b043c method=com.android.dx.ssa.SsaRenamer$BlockRenamer.addMapping(ILcom/android/dx/rop/code/RegisterSpec;)V @ 120
Event: 2.540 Thread 0x0000000016b8a000 Uncommon trap: reason=unstable_if action=reinterpret pc=0x0000000003277844 method=com.android.dx.ssa.SsaRenamer$BlockRenamer.addMapping(ILcom/android/dx/rop/code/RegisterSpec;)V @ 120
Event: 2.575 Thread 0x0000000016b89800 Uncommon trap: reason=unstable_if action=reinterpret pc=0x00000000032f0a9c method=com.android.dx.ssa.SsaMethod.updateOneDefinition(Lcom/android/dx/ssa/SsaInsn;Lcom/android/dx/rop/code/RegisterSpec;)V @ 4
Event: 2.592 Thread 0x0000000016b89800 Uncommon trap: reason=unstable_if action=reinterpret pc=0x00000000034b7e08 method=com.android.dx.rop.code.LocalItem.compareHandlesNulls(Lcom/android/dx/rop/cst/CstString;Lcom/android/dx/rop/cst/CstString;)I @ 14
Event: 2.604 Thread 0x0000000016b8a000 Uncommon trap: reason=unstable_if action=reinterpret pc=0x00000000031c6d1c method=com.android.dx.rop.cst.Constant.compareTo(Lcom/android/dx/rop/cst/Constant;)I @ 12
Event: 2.707 Thread 0x0000000016b8a000 Uncommon trap: reason=null_check action=make_not_entrant pc=0x00000000032cbbf4 method=com.android.dx.ssa.SsaRenamer.getLocalForNewReg(I)Lcom/android/dx/rop/code/LocalItem; @ 19
Event: 2.767 Thread 0x0000000016b73800 Uncommon trap: reason=null_check action=make_not_entrant pc=0x00000000031d9228 method=com.android.dx.rop.type.Type.equals(Ljava/lang/Object;)Z @ 8

Internal exceptions (6 events):
Event: 0.623 Thread 0x0000000002de1000 Exception <a 'java/lang/NoSuchMethodError': Method sun.misc.Unsafe.defineClass(Ljava/lang/String;[BII)Ljava/lang/Class; name or signature does not match> (0x00000000eab07cc0) thrown at [C:\re\workspace\8-2-build-windows-amd64-cygwin\jdk8u91\6644\hotspot\sr‘âÇŠëòã?
Event: 0.623 Thread 0x0000000002de1000 Exception <a 'java/lang/NoSuchMethodError': Method sun.misc.Unsafe.prefetchRead(Ljava/lang/Object;J)V name or signature does not match> (0x00000000eab07fa8) thrown at [C:\re\workspace\8-2-build-windows-amd64-cygwin\jdk8u91\6644\hotspot\src\share\vm\prims\j¼áv+yë@
Event: 2.365 Thread 0x0000000016b89800 Implicit null exception at 0x00000000032d8fd0 to 0x00000000032da111
Event: 2.592 Thread 0x0000000016b89800 Implicit null exception at 0x00000000034b62a5 to 0x00000000034b7de1
Event: 2.707 Thread 0x0000000016b8a000 Implicit null exception at 0x00000000032cac84 to 0x00000000032cbbc1
Event: 2.767 Thread 0x0000000016b73800 Implicit null exception at 0x00000000031d9122 to 0x00000000031d921a

Events (10 events):
Event: 3.098 Executing VM operation: ParallelGCFailedAllocation done
Event: 3.113 Thread 0x0000000016b7c000 Thread exited: 0x0000000016b7c000
Event: 3.115 Thread 0x0000000016b73800 Thread exited: 0x0000000016b73800
Event: 3.161 Thread 0x0000000016b8a000 DEOPT PACKING pc=0x00000000034d3da9 sp=0x00000000178ff030
Event: 3.161 Thread 0x0000000016b8a000 DEOPT UNPACKING pc=0x0000000002f2787f sp=0x00000000178fee38 mode 0
Event: 3.161 Thread 0x0000000016b8a000 Thread exited: 0x0000000016b8a000
Event: 3.223 Thread 0x0000000016b74800 Thread exited: 0x0000000016b74800
Event: 3.343 loading class com/android/dx/command/dexer/Main$DexWriter
Event: 3.343 loading class com/android/dx/command/dexer/Main$DexWriter done
Event: 3.344 Thread 0x0000000016b7c000 Thread added: 0x0000000016b7c000


Dynamic libraries:
0x00007ff7a7c90000 - 0x00007ff7a7cc7000 	C:\Program Files\Java\jdk1.8.0_91\bin\java.exe
0x00007ffcfdd00000 - 0x00007ffcfded1000 	C:\WINDOWS\SYSTEM32\ntdll.dll
0x00007ffcfbc70000 - 0x00007ffcfbd1b000 	C:\WINDOWS\System32\KERNEL32.DLL
0x00007ffcfa1f0000 - 0x00007ffcfa40d000 	C:\WINDOWS\System32\KERNELBASE.dll
0x00007ffcfb3b0000 - 0x00007ffcfb452000 	C:\WINDOWS\System32\ADVAPI32.dll
0x00007ffcfc4b0000 - 0x00007ffcfc54e000 	C:\WINDOWS\System32\msvcrt.dll
0x00007ffcfbba0000 - 0x00007ffcfbbf9000 	C:\WINDOWS\System32\sechost.dll
0x00007ffcfbde0000 - 0x00007ffcfbf01000 	C:\WINDOWS\System32\RPCRT4.dll
0x00007ffcfc340000 - 0x00007ffcfc4a5000 	C:\WINDOWS\System32\USER32.dll
0x00007ffcfa980000 - 0x00007ffcfa99e000 	C:\WINDOWS\System32\win32u.dll
0x00007ffcfb4d0000 - 0x00007ffcfb504000 	C:\WINDOWS\System32\GDI32.dll
0x00007ffcfa410000 - 0x00007ffcfa592000 	C:\WINDOWS\System32\gdi32full.dll
0x00007ffcf48e0000 - 0x00007ffcf4b59000 	C:\WINDOWS\WinSxS\amd64_microsoft.windows.common-controls_6595b64144ccf1df_6.0.14393.0_none_2d0f50fcbdb171b8\COMCTL32.dll
0x00007ffcfb8d0000 - 0x00007ffcfbb97000 	C:\WINDOWS\System32\combase.dll
0x00007ffcfb130000 - 0x00007ffcfb225000 	C:\WINDOWS\System32\ucrtbase.dll
0x00007ffcfa910000 - 0x00007ffcfa97a000 	C:\WINDOWS\System32\bcryptPrimitives.dll
0x00007ffcfb290000 - 0x00007ffcfb2be000 	C:\WINDOWS\System32\IMM32.DLL
0x000000006a120000 - 0x000000006a1f2000 	C:\Program Files\Java\jdk1.8.0_91\jre\bin\msvcr100.dll
0x0000000069880000 - 0x000000006a113000 	C:\Program Files\Java\jdk1.8.0_91\jre\bin\server\jvm.dll
0x00007ffcfb510000 - 0x00007ffcfb518000 	C:\WINDOWS\System32\PSAPI.DLL
0x00007ffce44b0000 - 0x00007ffce44b9000 	C:\WINDOWS\SYSTEM32\WSOCK32.dll
0x00007ffcfbc00000 - 0x00007ffcfbc6a000 	C:\WINDOWS\System32\WS2_32.dll
0x00007ffcf8510000 - 0x00007ffcf8533000 	C:\WINDOWS\SYSTEM32\WINMM.dll
0x00007ffcf7190000 - 0x00007ffcf719a000 	C:\WINDOWS\SYSTEM32\VERSION.dll
0x00007ffcf84b0000 - 0x00007ffcf84db000 	C:\WINDOWS\SYSTEM32\WINMMBASE.dll
0x00007ffcfa820000 - 0x00007ffcfa862000 	C:\WINDOWS\System32\cfgmgr32.dll
0x0000000069870000 - 0x000000006987f000 	C:\Program Files\Java\jdk1.8.0_91\jre\bin\verify.dll
0x0000000069840000 - 0x0000000069869000 	C:\Program Files\Java\jdk1.8.0_91\jre\bin\java.dll
0x0000000069820000 - 0x0000000069836000 	C:\Program Files\Java\jdk1.8.0_91\jre\bin\zip.dll
0x00007ffcfc7f0000 - 0x00007ffcfdcf8000 	C:\WINDOWS\System32\SHELL32.dll
0x00007ffcfa9a0000 - 0x00007ffcfb07a000 	C:\WINDOWS\System32\windows.storage.dll
0x00007ffcfa160000 - 0x00007ffcfa1ac000 	C:\WINDOWS\System32\powrprof.dll
0x00007ffcfb470000 - 0x00007ffcfb4c2000 	C:\WINDOWS\System32\shlwapi.dll
0x00007ffcfa1e0000 - 0x00007ffcfa1ef000 	C:\WINDOWS\System32\kernel.appcore.dll
0x00007ffcfb080000 - 0x00007ffcfb129000 	C:\WINDOWS\System32\shcore.dll
0x00007ffcfa1b0000 - 0x00007ffcfa1c4000 	C:\WINDOWS\System32\profapi.dll

VM Arguments:
jvm_args: -Djava.awt.headless=true -Xmx1024M -Dfile.encoding=GBK -Duser.country=CN -Duser.language=zh -Duser.variant 
java_command: com.android.dx.command.Main --dex --force-jumbo --num-threads=4 --multi-dex --output D:\AndroidStudioProjects\PierGlass\app\build\intermediates\transforms\dex\debug\folders\1000\10\com.android.support-support-media-compat-24.2.1_d7f5788f81804e9753745a2d4adab63f0a11c578 D:\AndroidStudioProjects\PierGlass\app\build\intermediates\exploded-aar\com.android.support\support-media-compat\24.2.1\jars\classes.jar
java_class_path (initial): C:\Android\sdk\build-tools\24.0.1\lib\dx.jar
Launcher Type: SUN_STANDARD

Environment Variables:
JAVA_HOME=C:\Program Files\Java\jdk1.8.0_91
CLASSPATH=.;C:\Program Files\Java\jdk1.8.0_91\bin;C:\Program Files\Java\jdk1.8.0_91\lib\dt.jar;C:\Program Files\Java\jdk1.8.0_91\lib\tools.jar
PATH=C:\Program Files\Java\jdk1.8.0_91\bin;C:\Program Files\Java\jdk1.8.0_91\jre\bin;C:\Android\sdk\platform-tools;C:\ProgramData\Oracle\Java\javapath;C:\WINDOWS\system32;C:\WINDOWS;C:\WINDOWS\System32\Wbem;C:\WINDOWS\System32\WindowsPowerShell\v1.0\;C:\Program Files\Git\cmd;C:\Program Files (x86)\apache-maven-3.3.9\bin;C:\Users\admin\AppData\Local\Microsoft\WindowsApps;
USERNAME=admin
OS=Windows_NT
PROCESSOR_IDENTIFIER=Intel64 Family 6 Model 60 Stepping 3, GenuineIntel



---------------  S Y S T E M  ---------------

OS: Windows 10.0 , 64 bit Build 14393 (10.0.14393.0)

CPU:total 4 (4 cores per cpu, 1 threads per core) family 6 model 60 stepping 3, cmov, cx8, fxsr, mmx, sse, sse2, sse3, ssse3, sse4.1, sse4.2, popcnt, avx, avx2, aes, clmul, erms, lzcnt, tsc, tscinvbit, bmi1, bmi2

Memory: 4k page, physical 8286104k(1511852k free), swap 8286104k(5404k free)

vm_info: Java HotSpot(TM) 64-Bit Server VM (25.91-b14) for windows-amd64 JRE (1.8.0_91-b14), built on Apr  1 2016 00:58:32 by "java_re" with MS VC++ 10.0 (VS2010)

time: Tue Sep 27 10:35:24 2016
elapsed time: 3 seconds (0d 0h 0m 3s)

